0.150586
1.382235
0.829121
-9.028957
0.706485
-2.537372
1.883263
-0.886970
1.959189
-1.526864
1.792775
-3.244216
0.885484
-1.235929
-0.096303
-9.888769
2.065577
1.142567
1.700261
-8.652168
0.623583
-2.304117
-0.448124
-1.588326
4.134439
-8.424254
0.871821
6.772341
2.638098
7.677267
3.226456
-8.534721
0.195018
-1.422737
1.177928
-3.624545
5.053131
3.144956
1.274107
0.982865
-0.823811
13.727908
2.355235
18.115427
9.128214
-10.858695
-4.402732
7.665874
-2.691774
7.977701
-1.211741
-2.873740
-7.563480
24.926128
7.981385
-1.366996
1.806554
-4.954754
-4.334796
0.371624
0.714407
-4.923938
1.043919
-9.983232
-6.475019
25.213258
-2.396050
-14.546361
-3.669184
5.172492
3.564618
4.492037
7.434888
8.517753
-2.866602
-4.080340
2.062662
-1.307398
-4.879733
-2.804156
1.321576
-4.001404
-4.607430
9.364645
-8.514924
-10.470385
7.557331
3.761089
0.488683
5.589948
1.782980
-5.803221
3.601464
4.695412
6.703339
4.882584
-3.213879
8.487967
8.091346
2.895718
2.449214
1.380310
6.456648
-9.493623
0.690895
-5.259093
-6.191861
-20.652338
4.368697
-4.280675
0.821280
2.191677
-3.019762
0.002127
-0.890818
-15.741404
-9.075933
-3.826374
-2.121548
-3.164304
5.253259
-14.259106
2.149005
3.698572
-6.829467
8.765492
-0.873181
-6.337625
2.427039
6.088436
-0.556926
-5.353202
-9.366525
-6.804844
-7.835480
9.490144
-1.203467
-8.292445
-7.463707
-0.286244
10.851298
18.305910
-7.718306
-9.733310
7.860050
-6.829336
-11.597756
-2.315016
9.526190
8.758775
5.492710
4.944207
-0.953725
1.243873
-7.752547
-5.217323
-4.732739
-8.240138
8.452001
-2.736314
7.468485
-0.209311
-0.391234
4.649317
5.369180
-2.131920
-4.552600
-1.035961
-12.397420
0.220108
-0.823117
6.539405
10.716062
-18.435729
-8.171332
-18.501407
-10.917570
-1.531474
-0.292796
-30.484537
3.595319
-1.803155
-3.898800
-6.002591
6.065552
-1.305640
11.598516
14.045962
-4.302575
-10.023761
-1.974577
-4.968524
-3.053752
5.103620
-4.345574
-12.388230
-8.070553
7.350601
-3.469316
-4.486846
-6.007210
-5.758640
5.292189
2.589160
1.813590
-24.416050
1.452489
7.604123
-0.259163
-10.331190
-1.087257
-1.472763
-0.643815
-9.585899
-11.784834
-8.053148
-5.170176
-11.790669
1.426923
16.885854
-0.562707
-3.069030
7.847605
16.457367
3.857025
2.776351
-1.593721
-3.838038
2.805736
14.617081
9.650211
12.469688
8.742972
8.957322
-10.504631
-2.678003
6.265568
-8.887725
9.950565
-6.367939
-5.256762
3.396624
9.190572
6.079080
13.689781
-3.942579
-4.628043
1.731825
-1.665079
-4.683063
2.953554
1.166754
8.185950
7.218822
-3.092350
3.004082
3.524289
19.460582
1.125891
-0.369539
7.987227
-5.137534
8.224533
-0.129258
15.428030
11.080245
3.920539
-3.995630
11.541909
3.826735
5.644370
-6.241479
-6.507801
0.700292
-5.843430
1.054379
-5.178571
-3.982815
18.000333
-6.778948
-7.165271
-2.385131
-8.930815
0.436570
-6.577470
-5.629771
3.736323
-3.890778
5.759121
-20.046061
-4.297262
-0.958545
2.213467
7.529045
15.440124
8.081841
-1.749190
-8.145306
-4.659319
-2.919074
2.266397
-2.940827
-1.136281
2.532662
-12.390028
-0.893436
-4.230768
10.909436
-5.097375
-8.868491
2.717772
10.164451
-1.618899
3.140754
-7.239814
12.578111
6.803616
7.394795
10.388352
19.477521
7.843054
-3.787716
12.627539
9.160179
8.786826
6.367722
17.346627
12.038536
-15.724575
15.424346
-5.312039
-3.521017
16.667128
3.952309
5.084868
-1.465615
-21.896369
-15.369625
18.276529
10.020896
-10.954618
11.419601
-0.134270
6.624815
-11.075383
-2.277471
-0.275531
1.678392
3.624252
-5.596642
-3.002939
1.594759
-18.954887
-12.369094
12.966755
15.711429
8.379302
-1.401401
3.509437
-5.107551
-12.044408
4.770170
-0.112345
-3.952447
0.140454
-8.250614
0.372407
11.700878
3.262324
8.730900
11.801716
-10.956507
17.400808
9.382605
-3.121211
-10.659123
7.263287
-15.909494
-0.491160
15.751087
3.912699
-6.838036
-7.865859
-16.090694
-5.097594
-5.081175
-16.505952
8.370504
17.948373
17.859140
-12.144502
7.501689
-7.369211
-8.936962
7.484248
26.642792
11.980189
-5.231975
15.697400
1.387992
-0.752344
-18.587897
9.307647
1.101185
-16.908214
-1.446594
-11.470936
-5.255943
14.316428
-0.568061
13.646365
16.636188
2.321841
3.486779
8.211877
12.132256
-9.334910
22.781863
15.167377
-22.434226
-3.337474
7.967771
8.792183
-28.052639
-6.161099
-3.684690
-5.649505
1.953072
-8.813822
3.563367
1.338550
12.717730
-1.051163
5.931468
-18.418851
11.631920
-12.825326
-10.780094
-10.555341
-22.841779
-4.571640
-9.645108
-3.103821
3.275613
-17.529491
-8.595191
-3.635014
17.323806
4.536996
-12.956165
7.651418
-5.151637
-14.124210
8.740602
0.648371
-6.160670
-3.339357
8.837675
2.901946
-0.029754
-5.978344
-6.573831
-14.653704
4.487867
-3.948240
-5.517720
2.555170
5.604932
5.601967
6.483308
2.501138
6.593643
-2.317878
19.656046
18.474311
4.682285
0.481682
3.912700
7.597728
-0.815297
-4.702975
8.082008
13.042647
-11.437466
-3.016027
-19.286219
1.187909
14.271848
-1.949902
-0.663629
-11.673106
-10.986237
-4.019449
12.204812
5.228385
-3.619515
-3.661883
3.256500
-10.631026
-4.327637
18.740045
-3.701627
13.129854
-4.215153
6.727042
8.582680
-4.027105
-5.773139
2.233071
-8.942798
2.791615
-4.159116
-1.013768
-14.987546
3.875178
-10.995877
-14.414048
16.504148
1.912080
-4.401575
4.926055
-7.376297
0.731915
3.875256
-6.575269
6.241615
-3.192273
2.009808
-13.800017
-0.664243
-3.583823
-1.712324
14.889403
-16.408166
-12.825336
-6.630064
-9.396697
-8.129443
1.275517
18.688957
10.203954
-4.912133
-5.000367
-10.197012
-6.409737
-20.910238
1.831811
-20.183315
0.743632
4.000416
4.434475
-6.567317
9.885834
-0.524963
5.819248
-9.157850
6.979724
11.642441
1.626340
13.572943
-12.063644
0.077319
-11.858850
-0.869263
9.370695
20.163244
4.336177
2.553897
-12.564133
-8.848325
1.276930
-12.849970
-8.430213
-5.175562
4.473111
-2.185904
3.525664
-3.573226
10.317399
16.218260
-6.557338
-7.530320
-9.550810
22.790927
-16.159389
3.509998
1.648941
-28.581402
12.892670
-8.084446
8.307464
-6.592430
14.868012
-6.996900
0.690454
7.218201
9.306855
-10.265118
12.573779
0.221142
9.709057
16.873810
-18.761694
5.285020
9.895248
6.481628
4.457981
12.786261
-13.818940
-17.588106
-14.757233
9.858446
-3.846675
2.676512
-1.107588
-1.866600
16.361888
20.763026
-1.430268
4.756802
13.164310
-5.716214
-0.230276
3.454707
6.033751
-3.835081
11.157434
-10.216624
-4.511157
4.499397
-13.928273
-24.297297
16.904562
3.762872
-12.565054
-0.147305
19.506881
-20.991210
2.263926
-6.481378
2.683759
8.397493
-8.318316
-7.756104
-23.990629
-3.701423
1.399175
-20.619503
1.259107
0.517053
-8.345456
9.851472
-0.880349
-2.425864
-6.423205
11.267848
4.494717
-9.333959
8.226254
-6.450789
-1.573429
-18.375486
14.785630
0.591454
-4.738709
7.848254
-1.340880
16.214091
12.739139
-14.873391
8.974851
-2.749755
-15.179175
-9.964697
11.279558
2.742058
-3.046253
-7.312915
5.388979
9.024404
11.763990
-4.081116
0.221668
16.127363
-14.697811
6.929762
27.040923
-25.431411
-10.798486
-13.531181
7.675434
16.247522
-9.641016
5.135462
-26.054234
16.833014
-14.117867
-9.903288
-9.787712
-2.255725
-4.898780
9.220479
9.901841
-20.843311
-2.034274
8.338781
9.517505
-2.615243
12.698517
-22.379097
-15.091512
2.406672
14.479189
-12.911043
-12.765606
-4.484464
-12.454316
7.655293
-10.733924
-4.292161
1.016900
24.831682
-9.394449
10.497102
1.427057
14.148760
10.512369
10.333647
-4.952262
-3.845918
-18.860408
12.276603
-5.450305
-7.659599
4.098009
-14.978524
3.034352
-16.880699
-5.169987
-11.107583
-1.800070
-13.326521
4.156151
-6.716015
6.111770
-6.544027
-8.931273
-1.056338
0.729333
-7.446683
-14.605666
2.330116
3.929246
14.904783
5.619458
-0.059412
15.661516
-34.974574
29.822205
8.276748
6.132135
-0.381537
5.180622
11.008023
-12.159542
-27.380601
11.116100
-12.531710
-4.754434
-20.641549
-0.016004
-19.617151
-10.728546
0.764511
-7.788274
-6.070696
-11.116798
14.065391
19.894951
1.801236
5.428900
10.812133
-18.477438
-12.668634
-6.654303
-14.943798
-17.219162
-12.665908
7.211736
8.115650
-7.018157
-7.908086
3.921771
5.228001
17.532142
11.298327
-0.030598
13.663158
9.814857
-5.186900
-13.707167
14.880617
-5.842774
-3.778118
10.189278
-1.994846
8.444724
6.677421
-15.723825
-0.428180
8.043485
9.129051
19.970631
-11.795213
13.714336
22.016513
-23.063567
-7.782098
9.130181
-3.110432
16.818868
10.640407
3.271394
12.318387
-1.623727
2.194129
-13.698074
-6.509520
14.687218
2.361632
-4.140806
-22.711783
-11.283465
24.602347
-19.384320
1.848186
14.295511
-16.142025
-2.492541
-5.275400
10.804760
10.153190
16.639031
-9.803698
10.404768
19.491348
-4.913102
14.687743
9.840051
-5.519029
21.907498
14.034346
16.934078
5.893307
0.212058
11.187640
-6.435686
-15.930416
-18.247996
-39.594591
-2.861229
-11.818907
-4.186071
11.722439
5.675083
-6.148247
8.521589
-16.984953
-6.398385
-11.764385
-13.314541
3.357687
10.802916
-8.321216
8.769376
-4.196787
-4.903311
16.584608
-5.637634
-3.038821
-29.008829
-20.775794
-14.002399
23.391192
-9.334963
26.510267
2.371787
-0.251369
13.662664
7.498481
-16.565319
-2.856421
-21.098881
-25.496452
-2.288538
10.251373
28.032715
1.197978
5.544859
-10.517444
-3.588671
-6.565481
6.932769
8.085308
-7.628966
1.807642
18.921344
21.402125
6.860095
-14.108454
10.118320
-3.306750
5.076786
18.730173
-4.135656
-10.259763
-5.165386
-2.271766
-18.833410
0.417602
20.072433
26.725209
-23.470549
10.211297
-4.827121
-5.946928
-7.383378
-12.189673
-13.774585
-25.941708
-2.238002
-16.561485
7.845515
-38.829918
-11.568184
1.580144
18.612342
-7.990518
-9.222440
23.356666
-10.301277
7.460633
-4.632186
18.632755
8.830318
-2.946317
4.172721
-7.627601
-3.644119
3.537699
-14.106559
5.872369
3.479962
8.325615
-8.710095
17.220940
-3.876772
-13.550843
-3.141207
-0.950207
-8.055329
-3.174193
5.347143
-4.803775
1.873749
8.757351
18.245768
18.868111
32.664539
2.071196
6.247829
6.307243
-2.006891
19.938887
-3.823558
-6.723169
4.984549
0.434110
-14.143878
5.904698
1.025395
-22.785078
5.287748
8.592654
-3.484966
-12.016273
-5.802451
-24.370032
10.337540
34.085762
9.146964
-6.989547
15.907326
6.864609
14.120097
-3.006281
0.749235
17.878846
8.424571
11.874593
13.367361
-6.294977
1.266804
0.655929
7.749171
-10.758107
-4.286833
17.269846
3.510506
5.183186
-2.052859
-0.766159
26.605355
6.876657
3.016000
0.710949
-4.478665
-21.301607
8.646917
3.417495
22.226736
-13.659606
0.860375
-3.109546
9.017603
-11.228176
3.645616
5.443659
15.787888
11.898338
-18.878356
-14.860113
-9.783963
2.345045
20.569900
2.366677
-3.352317
9.650478
5.333676
10.609359
6.027932
5.047141
16.213084
-7.778641
0.596148
6.932168
13.155981
-11.700977
7.557724
10.465004
18.664087
1.379780
20.069935
16.954173
-4.244046
0.896264
-3.673278
32.236006
-2.822565
4.332224
11.759369
1.402877
0.231899
-10.823760
-9.471791
-12.828171
-18.109113
-10.005871
9.503084
-3.661166
13.247653
-10.149846
-1.487671
-16.470720
3.359202
-8.143992
-2.696786
-17.370015
-7.359995
-17.872844
-18.200622
2.915203
-5.946696
4.899135
12.174047
-1.931519
-1.445461
9.456876
-12.620664
-22.587786
-9.980354
25.826173
7.720596
29.881711
-8.682973
15.990674
22.947060
5.665727
-4.536445
20.965419
-13.877244
10.073629
9.946241
-9.768636
20.954224
-3.669531
-11.211894
-16.083561
16.518408
9.251284
12.368031
-1.646756
0.373077
37.296047
21.615197
-14.409086
7.419454
-0.029246
21.043935
21.209817
-19.715307
-19.273145
23.128064
-9.785304
-14.085113
-2.756271
-4.145111
2.194613
1.027228
8.060682
0.778891
31.791977
10.726976
-19.965408
-7.135342
-2.113365
1.693343
19.122138
0.798961
-5.270498
2.812380
26.160845
18.167866
-15.633080
-7.533449
1.783165
-12.142743
-25.897043
-1.211667
-7.741440
2.505796
-4.419520
-13.837976
-0.916762
-12.359202
-13.763345
26.327523
3.827761
-15.754029
-4.735398
-4.381388
-14.666219
6.735111
-18.848166
-7.474811
-7.717261
-14.955826
-32.281978
3.795924
-1.923152
-10.302736
3.449241
1.786447
4.531210
-14.787321
12.433286
-3.486432
1.634805
-13.329035
3.783453
7.372587
10.630889
20.131995
14.076087
16.956614
-18.421658
-2.767279
3.247557
5.979759
-2.304335
1.792742
-7.978089
4.929291
5.655389
3.810821
7.557944
4.264065
8.931688
14.415756
4.372748
-27.707017
-4.672718
-8.651392
-6.849164
-17.119162
12.457618
1.834347
-8.358319
15.303849
1.751429
-16.234966
-26.458869
-4.118344
8.229093
-10.071868
30.249635
-2.066674
-1.781822
12.440159
-29.576310
18.329830
-16.705756
-11.394933
-0.691414
13.448501
2.697635
19.879151
-7.593685
6.253547
-5.361251
19.820850
1.268423
16.298742
15.118498
8.832734
8.614850
-8.413488
41.300674
-9.236230
-3.651989
23.219716
12.577081
4.550271
-19.019614
-8.998927
5.778421
-42.837983
0.430588
4.682932
4.090936
-13.474833
-16.238677
-0.150846
2.335370
0.490794
-8.730783
-1.346301
-21.819223
-1.764331
5.627042
26.747157
13.968293
19.061123
-7.548929
-23.199402
2.643275
4.140698
-2.017255
-20.677895
-35.280523
-6.105325
3.347017
-10.135785
3.730181
5.160939
16.164140
-25.606535
3.912696
-43.329062
-2.077957
-31.307404
23.599506
-31.965979
-32.744939
-2.350500
-15.512404
5.515758
-21.925036
4.192763
1.916052
0.801730
-20.330541
-4.290427
-27.182425
14.223572
5.713296
1.311411
6.056861
-5.800545
-17.773078
9.028705
10.795887
-3.850378
-7.935072
27.791105
6.193399
-7.416239
10.838767
-2.531344
9.556949
-7.199715
-15.927479
0.170061
9.988057
23.043226
-9.325519
3.799879
25.496119
-6.373717
5.788976
-11.184098
8.067257
-2.791077
-7.861122
-3.426843
-2.218894
8.216911
15.590343
9.215209
15.502147
10.865520
4.171759
-43.972586
10.331567
27.799739
-1.715567
3.144118
3.113813
0.165200
-1.552323
30.213204
13.013342
-3.423551
-24.855570
1.094658
-21.518294
-24.267669
10.310284
-16.896745
5.505816
-7.811897
11.275284
13.318079
23.429012
-23.247693
0.529737
21.704314
14.335919
-20.642422
17.542402
8.010358
-15.089641
15.759579
-3.138746
-15.750346
-28.097889
-8.849107
5.893605
6.865599
-12.896405
-1.111726
10.414415
-0.203176
-6.067712
-4.166908
-14.465075
-10.232621
-21.475236
6.446023
-33.562686
4.791827
14.079489
-13.703902
-3.509097
-6.311296
3.628744
-2.732937
-26.974680
34.077912
-8.095244
-22.730399
-11.445921
23.675925
4.121034
5.233440
31.062988
2.547410
6.254695
-16.699922
8.513559
-0.744708
-12.505823
6.186009
-4.246797
-41.719996
-14.660087
-11.188861
-25.851029
12.988736
-18.078230
-19.314336
-19.199268
-4.333807
3.937284
8.665331
-9.621592
23.474064
15.986214
8.671985
4.539985
19.349150
7.715741
11.256286
-27.073931
27.423059
2.643565
-26.744982
20.672641
6.016913
11.034276
6.263998
-21.905064
4.289919
2.857640
12.544609
-5.634970
-22.414724
8.879433
12.304171
-11.213331
20.835306
14.017820
-16.253568
2.699149
20.950547
11.718179
23.760280
-17.172762
2.335961
10.023163
2.790092
-3.277546
26.759508
8.061422
-15.637842
-7.448329
7.510302
-14.747016
6.562796
-11.361133
29.875674
-7.634480
-0.472965
16.125172
5.426563
-27.754983
2.565940
27.706018
-28.477764
-10.848327
-5.023588
-10.839002
24.298866
-8.663339
6.154744
6.159991
4.690315
-10.860485
15.596200
10.961916
-4.073515
5.807997
27.567701
-8.267087
-11.704834
14.213206
-3.529867
14.719287
4.366250
-15.505764
15.965587
-4.925655
3.600065
-18.702887
-16.322896
3.133241
19.664633
1.879141
-19.497385
3.056590
-9.660336
2.625946
-6.381998
1.674561
5.281455
1.456209
5.128054
1.318445
1.986492
1.856433
-2.167176
0.715514
-6.712973
3.925507
5.731653
3.710205
-10.839964
0.030535
-8.136316
2.142487
12.708371
3.738939
-8.160248
3.705815
-2.844654
-1.315351
-17.044962
2.511166
-18.941571
1.647732
10.901030
-0.399798
-10.761959
7.148577
-8.039186
4.108783
-0.988484
0.384833
-6.421272
3.772797
-1.672338
8.537485
7.090821
3.818442
-24.314023
2.883276
-4.411692
5.798012
1.161146
2.429137
-1.294266
1.426333
-2.379325
6.397578
-13.965490
-2.500911
-32.264991
2.656760
4.826772
1.952887
18.138282
-3.609412
7.066616
-1.700597
-6.642884
-0.686361
15.044227
3.702704
4.447950
-0.032324
9.276919
-4.297399
-12.963151
0.820041
1.442652
-2.472688
-4.232783
8.110182
-1.735212
0.132310
4.492963
4.363399
-0.198876
4.633667
-6.859032
-0.957244
-5.967046
3.912662
0.443076
-8.883285
11.974093
-3.518186
-1.324771
0.491679
8.687404
-2.109918
-0.693859
2.204931
19.714162
-4.295070
9.648548
3.455549
-7.749909
-3.430426
26.386980
7.783006
-7.955094
10.126143
2.478456
4.483497
4.477483
2.144465
12.355833
7.623186
14.482756
-8.976213
-18.525665
0.973598
-15.766669
0.096440
2.839201
-0.214771
-1.940158
5.378056
-5.334087
1.843382
-3.316418
-8.738818
-14.626039
5.414852
-13.669671
-0.819139
8.406554
5.522293
-1.102875
2.788100
-19.290535
-14.303061
15.170094
5.949683
-3.436966
5.628488
1.887608
-3.697142
-19.801600
-3.280291
2.950038
7.190427
21.725593
-5.708148
-4.800248
2.114192
17.160199
-1.514161
12.784788
-8.565600
20.780602
-14.157514
-27.523903
3.008095
8.230275
2.762607
12.403837
2.058464
18.196310
-2.402754
6.484599
-2.111586
-1.664570
-10.645769
3.403314
8.946361
0.466562
-11.115679
14.854301
-10.122441
-10.008363
-1.026415
-6.042557
3.408184
-10.889780
0.611582
-4.491479
7.959322
-6.736101
16.561148
-5.840014
9.676148
-11.496853
4.550470
11.637041
-8.456273
-14.854477
-5.756620
5.915376
-4.459482
8.567489
3.185642
-28.506191
-8.477172
-12.671038
6.650076
19.012823
-9.047354
15.272720
-10.061389
-37.943595
3.048548
-2.164655
0.049084
1.747165
-0.274183
-25.506182
-0.367767
18.058895
10.127338
-4.731776
5.255801
-2.273781
6.001481
-10.432629
3.782034
10.876337
6.009678
10.821008
14.886017
29.570585
-5.540618
2.099800
-12.574042
2.845386
-10.541718
-4.886242
-0.372868
-2.132580
0.147373
-0.647265
-3.968674
12.803517
-9.331323
5.027026
-2.806422
-5.962723
0.316792
7.214650
11.236572
16.060079
8.958141
6.703326
-4.903152
-10.973840
7.128801
6.811237
6.147067
-8.776950
-1.799946
-6.157021
-5.257830
-2.743729
23.075931
13.024034
-13.786763
-7.393919
16.666806
-0.955864
-10.509227
7.030699
2.263783
-13.366849
2.222066
5.198956
-1.538230
7.250068
-12.860359
17.852592
0.762287
24.250939
-8.400643
20.666860
1.626973
-22.082846
9.933461
4.201612
-4.932158
0.144663
-7.566998
-21.414160
-4.390546
12.417328
2.611523
30.659576
6.851850
-0.652251
2.951749
-18.662785
-0.749858
-26.689700
-12.406917
-8.233695
5.146670
-19.023315
10.319860
-18.524219
0.281902
0.566628
9.486867
0.685782
15.771403
2.685937
4.135330
19.507417
-5.810883
-8.368377
2.571542
-0.315539
4.823745
0.861601
-13.267594
-9.724782
3.714786
13.611752
13.214362
5.781079
5.019255
-15.613969
1.484765
16.714299
1.506587
11.125096
-13.171113
-15.006785
-0.657184
21.537801
-0.781897
27.221802
0.308897
-2.540339
-14.832724
-17.520188
5.052839
-7.324249
-10.448026
-38.029572
-4.218470
-27.405691
-4.507756
-0.475488
-7.236758
-13.923309
7.752924
-16.405149
2.555085
15.026055
0.014081
-0.873924
0.009480
9.174772
-2.370719
-15.648384
17.698965
18.641586
-7.998033
10.830828
-3.802575
20.838721
-3.009601
0.390605
9.887033
-5.182732
4.990368
-4.644324
8.883792
6.758927
2.777510
-9.704552
-1.097610
3.556290
-11.645695
4.268574
3.850949
-9.216884
-6.980588
-29.151308
4.821089
-18.031263
2.822419
-13.201586
20.110242
12.206825
-11.931077
-16.921052
3.341453
14.963189
13.731442
-28.404675
9.524321
-1.095052
0.802790
2.051420
-1.587878
3.192850
-12.213902
-11.478642
-2.245708
13.180179
-7.695652
5.282977
14.026334
20.455879
-21.699367
8.185947
-6.441457
-19.288027
-4.350286
-19.672774
3.311190
-6.671845
-10.725220
7.939943
34.849300
9.694414
7.019053
-5.939539
-1.731793
-20.600091
22.293338
-1.321173
11.482860
-6.178589
-9.598343
-11.126789
-18.075250
7.175503
-3.095477
-6.189128
-7.866346
7.215091
-10.265041
-4.593838
-4.448115
5.330464
-17.297280
-0.194220
2.071969
10.368380
-11.123389
34.764097
-10.103324
6.332111
-4.840981
4.193578
-8.775368
7.462273
-12.020009
9.031826
2.706925
-17.738243
-14.070251
1.914928
-0.053308
6.272523
4.027794
-0.857083
-11.035917
-2.815059
-4.121827
12.701524
-17.269923
17.084639
-12.744805
5.605464
-0.332741
-12.497775
1.649403
12.444055
25.035719
11.212912
-15.545667
-0.636508
7.176206
0.802550
4.916931
4.442210
2.670931
-4.139061
-4.568012
-5.579548
-4.282478
5.521760
-0.018753
1.075796
7.598941
14.890989
5.662362
9.530823
8.373172
-4.456476
-9.311243
5.368341
0.173789
-14.307079
10.765585
0.893317
-6.693097
13.961549
-2.407418
2.107163
-0.317545
-10.760035
6.839644
-7.366323
11.907992
3.051055
-12.005043
13.712758
15.283813
13.894999
-9.923170
18.516999
19.055626
-13.202018
0.993760
-7.578001
-10.967763
4.620493
-3.119886
-22.163035
-0.885602
-6.276629
3.077033
-20.852710
5.296685
-36.362893
2.177977
1.705890
-15.784030
-15.969707
8.567759
15.110669
3.680536
19.839562
7.760008
-2.934517
-4.307090
-12.951884
16.822513
-5.330398
-11.006018
6.663993
-10.536057
21.654282
-4.435091
-5.359801
-4.092782
16.148280
-13.126917
21.885860
4.482181
-17.326445
6.180045
32.091099
18.652810
-1.063523
-5.640457
-8.958699
1.435544
0.223165
-0.933223
-2.777262
21.163580
8.804192
-9.040310
6.859035
4.890942
-2.122011
19.934256
6.473815
-23.622096
-1.560840
3.751536
15.076130
5.361733
11.366397
-2.180503
-8.418201
5.718744
-7.814644
3.542554
-19.800338
-6.622804
10.458001
3.655921
-18.799776
-14.981310
-5.435939
-17.439666
3.877400
11.989783
4.647489
-8.720828
24.942692
12.820977
-13.881315
4.166235
23.648240
-14.050002
0.262796
10.557320
8.771937
22.154379
0.883291
5.335426
-9.052179
-11.398880
3.436017
-14.398020
33.550899
6.538532
-0.352558
6.803678
-17.592402
-1.730278
-7.240402
0.332472
-15.422794
15.146208
-26.277718
-4.279324
3.433437
-23.175296
17.738330
-22.687792
19.044063
-13.917318
11.544051
-4.311795
6.556645
-0.210524
-25.889269
6.035302
-4.163678
-9.548650
7.851354
10.406157
8.167540
16.339597
-22.849510
2.017675
-15.158415
8.481731
1.920370
6.223705
7.022868
5.893176
10.900944
16.276891
0.407610
10.159848
14.751408
9.556298
-8.806505
15.942182
-39.745308
4.056813
-17.724064
-0.370129
0.973417
15.632852
-33.495233
-1.567216
15.312105
5.457623
9.583115
8.545177
7.714049
5.257848
-6.115016
-18.163055
29.937249
-10.473488
20.106378
0.676491
8.099662
-26.756996
-3.012951
7.103671
18.622827
7.858494
-2.157556
1.656630
-2.903410
-2.206034
-15.881336
-7.876338
-20.279623
-9.013270
-15.373390
2.708037
-10.329840
7.756489
-0.804047
-4.935052
-8.380239
-17.125286
15.456341
2.788198
9.043727
11.018802
-12.560617
3.894051
4.556917
2.629084
-4.166090
-16.932940
-14.845440
-22.490103
-12.315877
-4.252707
1.630086
-7.854621
19.069434
-24.246680
3.762195
-6.597544
27.080127
6.881502
8.950540
12.782484
-2.460972
11.883116
-8.717049
-5.331494
-4.632421
0.695706
-3.010380
-9.962433
26.936988
-1.507424
14.731457
-5.937938
3.125649
4.033525
9.797988
-27.490495
-18.103372
-3.537850
10.691523
24.732899
-25.632860
-17.976370
-10.844536
-7.045915
-17.217540
5.698392
-25.071154
-17.457528
7.078485
22.834301
14.797056
-7.409838
13.583081
-16.275646
-1.318829
-3.950367
23.080420
10.118343
-12.021782
3.473861
8.101586
-11.154278
21.175263
12.467472
-0.608907
11.338534
-11.200083
6.457385
-9.978505
-2.836040
14.429636
16.524755
23.344378
-2.415681
-7.976324
-21.921730
4.256224
6.426460
-20.307503
-13.463719
14.752789
-1.623510
4.706506
-4.483959
-8.599547
8.401807
-30.244208
5.276243
-1.961019
-2.639473
-20.738555
15.578701
-3.660875
1.975149
6.540909
5.812683
29.520914
6.671179
32.026325
-26.162244
14.915312
8.684247
20.455379
-17.385775
-3.092219
-9.514736
14.300511
-3.651473
4.235273
18.922863
-0.911688
4.177906
12.113856
1.032638
-4.480070
17.734279
-13.708118
10.348314
-17.076192
-5.989330
-3.956110
13.933368
18.572110
-1.304203
-12.955312
7.506097
25.202532
-6.374872
-14.981997
-8.474436
-11.062529
-7.036937
13.205284
-8.400719
-6.539218
15.171032
-0.787025
13.953890
19.821854
14.346449
12.776893
27.781075
1.944761
-12.899838
-1.865390
-1.471153
-7.807187
1.773738
-19.853696
-4.299248
33.017474
6.733296
0.287842
-6.375737
-3.465789
-14.176587
45.316620
-2.618928
-18.780897
-6.709535
17.889043
-14.236480
8.736372
-5.688824
-11.793133
3.453940
4.033218
-17.851859
-21.723738
-5.712861
9.500475
-0.546517
9.517360
-15.036976
-8.838862
26.904307
10.398925
-9.953608
-26.529167
26.804547
-26.126364
-9.669660
0.572943
9.807361
2.870590
16.275278
-24.638676
4.830039
-3.225646
-25.742301
4.057210
-3.053806
10.036535
8.527676
-16.271230
-7.828963
2.547639
-20.624044
5.470535
2.083626
1.661976
28.440320
24.365915
-0.186513
-0.535722
6.282754
15.930535
11.933707
-20.282071
21.389446
-12.004737
-28.113179
19.322932
-30.872978
10.785847
8.314671
-14.902249
16.333755
-30.859925
-5.198375
-37.864997
4.884759
22.425369
6.652065
1.641522
-5.062593
-17.310109
-0.070933
27.901475
13.893527
-33.101411
0.206091
-15.789119
3.240431
1.442275
-20.002561
-8.265481
-4.564482
28.117839
0.853472
-0.072310
-24.340519
1.337378
-5.338874
1.029311
-15.294629
26.711134
15.722083
4.737767
16.119906
16.299339
-11.446222
3.813751
9.106741
5.726446
-7.299708
-13.554363
-25.920228
-14.698333
-12.906385
17.425247
24.910173
-5.581261
19.160596
-5.557546
8.176383
13.344846
13.971128
-4.371731
9.859840
8.167187
-25.733121
-14.037547
-1.909746
-18.428906
0.054719
-12.429521
-1.454145
-7.712192
7.039788
1.150026
5.342124
51.344452
-12.408120
-23.874478
11.140469
50.122161
13.128375
9.601210
3.348946
28.483943
3.865708
7.293586
-15.250743
34.034337
-14.800493
9.031730
0.579653
-7.936860
-2.140196
11.790457
-3.839215
22.171343
7.361745
17.325379
-21.825001
-11.764295
-5.301374
14.061714
2.444451
0.460228
-12.235847
-2.837197
-10.467103
-1.469270
2.024856
-7.417075
16.800685
-18.043465
8.102704
-7.893949
-15.564199
-4.562178
7.426564
-36.345985
1.622306
-42.729193
11.366000
-4.509567
16.182480
5.105166
-6.743477
-4.481954
-11.216580
23.515878
-20.808494
-9.657277
18.043234
11.268845
-2.235298
37.434286
6.826073
25.318480
6.065149
-26.070135
27.263456
-15.609302
-1.628544
-18.806551
-0.439977
-7.468113
2.030668
2.894891
-25.475640
-23.242396
0.338069
-12.298051
0.354215
1.331484
15.286680
-5.560758
20.363282
-9.977837
9.244304
3.482590
-1.063872
-6.408268
5.685840
16.035070
-2.284598
17.537710
-6.685308
-46.554910
4.721048
-9.905254
-2.127666
-16.202588
-18.440900
-6.633704
-20.755996
-28.853848
-3.395756
-22.798315
7.804607
-8.968796
-7.129743
-23.194189
-4.596640
30.787085
-11.819975
15.309747
35.556278
14.919323
22.051766
-9.667915
-6.371190
-4.077666
-2.836888
-0.681780
5.463901
-2.594137
-0.174442
21.864760
-1.189022
-15.473995
-9.538624
-23.592873
34.423177
12.592889
-13.659083
24.729447
-14.593264
-15.395895
3.056999
-5.360826
-22.882934
-38.259239
-22.053042
-5.366664
9.852619
-5.381112
3.927885
-13.732470
3.977539
-10.492380
-6.781276
-5.202306
-26.627431
6.725126
-8.616010
7.109703
-7.453476
-3.059859
5.979893
21.314574
18.290455
-19.283496
3.256158
-8.596687
19.828452
-4.504072
-10.882979
45.062943
15.095066
-8.607364
11.279971
20.107723
-8.020533
14.461281
-15.624178
-39.425110
2.898934
3.368827
-5.916721
-21.059950
3.450664
24.397871
14.217065
5.410590
-12.424071
-21.865607
8.651255
-7.175327
2.368771
-11.380113
16.538090
-25.117591
3.227679
-2.352852
13.431597
24.837708
-14.349501
36.992097
1.885231
-2.475385
22.278550
-23.164688
-21.134953
3.747690
0.153393
-14.578356
1.595227
-22.776476
30.805255
30.617048
14.880069
12.873572
-4.583001
-1.887434
7.035474
23.464682
19.907891
-4.044618
-3.247490
4.439724
-27.888425
4.184199
-10.514275
8.118148
17.585150
35.011269
4.860624
17.177007
-33.896324
-23.401352
-19.312342
26.739978
34.456477
2.359482
9.601178
20.116521
-14.306438
33.383929
-2.293517
-6.196599
-6.440458
-9.660772
-5.423660
-23.293905
23.740218
1.046416
24.552937
26.450031
-24.185944
24.259504
-15.223073
-15.540139
-20.606562
8.784756
2.038165
-22.938640
7.558345
-21.525973
-12.289911
-6.634834
-10.202176
-17.452793
31.649925
-3.024327
3.907195
-11.097359
-4.117959
0.994195
28.694707
-0.170468
7.563513
-13.977801
-38.012134
-19.144857
-7.271074
3.782629
1.473002
-1.713161
10.055708
12.855538
-3.698380
-4.576016
-1.270252
12.667585
-9.750305
27.100294
5.748035
21.391179
-7.697216
6.594128
-25.713794
-19.948308
10.617483
2.568727
0.204147
31.771261
-24.401130
28.365134
-1.493383
23.425791
-3.262998
-44.246276
-8.645719
17.876214
-11.037729
3.827315
21.143027
17.177161
17.451190
2.334526
-31.191844
-30.716128
-5.322829
-7.499294
-20.260408
40.685893
-16.877228
-18.018883
20.315087
-12.595087
13.374205
-34.986922
-20.058764
0.286783
19.792421
10.221025
-0.538169
7.682557
-1.977978
4.683872
-10.707154
-9.835509
-4.650048
-7.699155
-8.635445
-15.603411
9.670844
1.644602
-40.267786
-11.907193
10.619477
-25.448193
0.751424
18.465395
-7.858217
15.711166
24.659182
-39.199020
-3.177292
7.625610
15.522600
-30.374918
15.052573
37.978224
-39.666697
-10.869523
-20.580439
-9.891975
-23.522760
34.261610
-0.120649
-4.067876
-24.534970
-14.599215
-9.793250
5.961748
40.514261
15.974113
-6.398990
15.598888
0.276367
21.798088
-18.896352
47.132325
-23.745653
7.602531
11.087681
-25.404266
-37.481686
-34.811491
6.645421
-45.991020
9.418228
-0.994816
-23.204648
-14.300199
12.892613
12.442073
-12.606058
-6.503572
-32.381607
15.744678
-2.597877
-33.794429
1.835092
-15.763195
12.835242
-9.902057
6.213088
0.060464
-9.886721
21.321471
-12.044078
-2.834047
-6.166757
0.503627
-22.401039
-20.112976
37.685661
-7.992525
-4.632670
9.625698
-6.616407
1.474891
23.334312
24.318293
5.936861
-19.656453
-45.203779
-1.625614
-20.076046
-24.648874
-7.833693
18.246211
-5.643130
-22.219987
29.835936
31.257103
-7.587722
-0.118198
13.172610
2.279185
22.005138
25.589378
0.761109
-14.316788
-42.010510
25.317250
19.319875
-13.121551
11.292465
15.368825
15.370830
-25.836157
6.233318
1.481979
-6.198609
15.898780
31.088968
0.895723
1.063097
4.712851
-4.648334
17.342022
2.327372
-1.816207
25.843820
-24.976067
1.971499
21.130561
39.201422
3.826889
-6.581800
1.840041
-24.571458
-3.062353
-30.749003
13.544020
0.940081
-12.843833
9.733642
-7.577241
-2.256176
-10.814432
-17.818937
-4.000961
2.886047
7.263354
10.859670
-18.953515
-20.542520
23.516867
7.007863
-44.396277
0.302862
0.035699
13.815508
-11.554795
10.582716
9.284095
0.866983
0.917496
47.812350
-4.588171
-27.326102
21.121861
15.913946
48.519238
-9.173700
14.555890
14.930862
40.453680
19.413343
-28.895414
-36.466760
28.356387
3.390173
-1.224661
-50.029969
-17.405080
-30.575175
-3.610593
3.494720
36.442637
1.333727
-3.908277
14.004309
