0.000267
0.000582
0.001698
-0.001622
-0.001084
-0.002209
-0.004865
-0.000345
0.004713
-0.002615
-0.001504
0.009209
0.006551
-0.008010
0.014088
-0.001464
-0.019798
0.007267
0.012556
0.004213
-0.009106
-0.004959
-0.000213
0.001900
0.022327
0.002021
0.004230
-0.015338
-0.005533
-0.015294
-0.004914
-0.000965
0.001609
-0.006580
0.011750
0.006049
0.004900
0.001107
0.014397
-0.035362
0.026263
0.024501
-0.011767
-0.021157
-0.031973
-0.002278
-0.006220
0.014371
0.029723
0.008038
-0.015878
0.002655
-0.005976
-0.012115
0.013839
-0.027422
-0.056919
0.055231
-0.051738
-0.025837
-0.040818
0.023407
0.017576
-0.033164
-0.000036
0.026491
-0.014846
0.026185
0.008701
0.019264
0.020651
-0.018741
0.002211
-0.018142
-0.021400
0.002309
-0.006148
0.025134
-0.009506
0.003243
0.036305
0.013905
0.031319
-0.014120
-0.056981
0.018218
-0.022864
0.011640
0.019249
0.026881
0.008094
0.055814
0.017162
0.042891
0.027196
0.028529
-0.028986
0.019326
0.084789
-0.013818
-0.023738
0.001093
0.051355
-0.021620
-0.045474
-0.030429
0.027079
0.017989
0.027745
0.020836
0.008444
0.043135
0.053787
-0.018991
0.001763
-0.014288
-0.016460
0.063193
-0.029305
0.037300
-0.002110
-0.017957
0.028820
0.032936
0.042216
-0.015328
0.025872
-0.057157
0.018772
-0.019886
0.000723
-0.073025
0.079083
0.052243
-0.061414
0.018711
-0.025909
0.009048
-0.026796
0.025361
-0.038439
-0.070640
-0.044001
0.044630
0.018501
-0.009676
-0.041507
-0.000861
0.029016
-0.078675
0.026517
-0.012249
0.014819
0.026163
0.040990
0.023522
-0.002743
0.005948
0.017997
-0.029847
0.020736
-0.018371
0.005422
-0.015914
-0.038155
0.028806
-0.057392
-0.075157
0.016131
0.044037
0.032037
-0.041164
0.098038
-0.017575
-0.129356
0.056706
0.090925
-0.023915
0.018667
-0.061584
-0.082506
-0.043151
0.106082
0.030307
0.029657
-0.000036
-0.004662
0.008699
-0.063982
-0.016711
-0.085035
-0.078764
0.026371
0.039457
-0.005530
-0.053658
-0.015083
-0.040195
0.006925
0.038645
0.036352
-0.091934
0.000480
-0.018260
-0.004400
-0.104230
-0.071899
0.061555
-0.076337
-0.121325
0.061567
0.018717
-0.029623
-0.037982
0.015136
-0.007444
0.036926
0.000427
0.000491
-0.041782
0.032817
-0.009530
0.016026
0.045297
0.084292
-0.015144
-0.012455
-0.124139
0.069625
-0.007695
0.015231
0.015002
-0.087313
-0.042280
-0.021466
0.019292
-0.018480
0.040130
0.070468
0.010524
-0.050732
-0.077381
-0.102193
0.008436
-0.013392
0.005280
0.025348
-0.085172
-0.065993
-0.000461
0.099327
0.046007
0.042930
0.053528
0.022039
-0.067614
0.021604
-0.013172
0.025062
0.002813
-0.043111
0.048290
-0.056405
0.112807
0.042101
-0.006737
0.009564
0.036378
0.063354
0.102931
-0.018698
0.043882
0.029958
-0.004001
0.020080
0.127110
-0.002311
-0.003827
-0.010422
0.019450
0.014311
-0.000989
0.001557
-0.053019
-0.082755
-0.079744
0.063741
0.045673
0.109529
0.096020
-0.098390
0.007685
0.071458
-0.049611
0.038394
0.076729
0.085595
-0.041336
-0.009997
0.026147
-0.043051
-0.028166
-0.028638
0.022340
-0.089702
-0.039030
-0.111071
0.066793
0.012398
0.020556
-0.011827
-0.023655
0.006198
0.119368
-0.000326
0.058947
0.076990
0.032678
-0.008898
0.030787
0.059827
-0.029023
0.049225
-0.128697
-0.094651
-0.035880
0.094482
-0.010394
0.134751
-0.045454
-0.071646
0.000856
-0.044475
0.151928
-0.031534
0.016516
-0.040840
-0.090770
0.010442
0.022100
-0.148021
-0.036061
-0.098703
-0.015673
0.088581
0.011342
0.042604
-0.024497
-0.079796
-0.023962
0.024698
-0.076144
-0.089750
0.048517
0.067298
0.027238
-0.014263
-0.032620
-0.046541
0.069269
0.044913
-0.078925
0.076261
0.030765
0.062659
-0.094522
0.058102
-0.005621
-0.066641
-0.021740
-0.010207
-0.017640
0.011941
-0.100681
0.050206
0.016156
-0.001454
0.046107
-0.008193
0.029894
-0.067683
-0.026910
-0.112488
-0.122634
-0.112024
0.052496
0.020402
0.059508
0.024489
-0.012063
0.000462
-0.006027
0.016715
-0.025738
-0.044869
0.005259
0.077574
-0.072496
0.018858
0.027780
-0.013847
0.005106
-0.056746
0.051180
0.013220
0.002309
-0.025812
0.035544
-0.052093
-0.054645
-0.097216
-0.012718
0.138590
-0.001112
0.008842
-0.074342
0.062833
-0.020279
-0.023428
0.120797
-0.040019
-0.165562
-0.085479
-0.007675
-0.108480
-0.011104
0.010233
0.071049
-0.080635
0.040450
0.085743
-0.059421
-0.185646
-0.056508
-0.028982
-0.025456
-0.074182
-0.031597
-0.148710
-0.048724
-0.122191
-0.051117
0.077837
0.099301
0.153832
0.162547
0.018779
0.023248
-0.090592
0.044741
-0.036462
-0.162094
0.009029
0.123785
-0.057610
-0.098514
0.032064
-0.008143
-0.079892
0.072488
0.089667
-0.123241
-0.035118
-0.051428
-0.018598
0.008896
-0.049622
-0.035889
-0.124421
-0.006519
0.058544
-0.044919
0.025643
0.042249
0.082891
-0.044377
-0.012140
-0.062214
0.049745
-0.057029
0.134743
0.064612
-0.110865
0.149652
-0.095024
-0.099329
-0.070483
0.012137
0.023594
-0.075190
-0.002067
-0.155694
-0.047541
-0.106450
-0.035444
0.049533
-0.065984
-0.004963
-0.075942
0.026446
-0.014738
0.254481
-0.093702
0.049349
-0.016984
0.052045
0.094927
-0.020052
0.129715
-0.086531
-0.144659
-0.094781
-0.047856
0.026802
0.060985
0.004220
0.017617
-0.089438
-0.024781
0.096174
0.027627
-0.103097
0.057641
-0.009645
0.074958
-0.019325
-0.022118
-0.111139
0.012286
-0.303617
-0.020348
-0.018068
-0.090221
-0.061623
-0.068166
0.014540
0.041437
0.075298
0.051795
-0.060419
0.145453
-0.086013
0.002580
-0.032634
0.012445
0.044730
-0.112401
-0.005015
0.104703
0.019520
0.019220
0.089923
0.043881
0.109855
-0.024185
-0.031813
0.037459
0.091771
0.002180
-0.136508
0.007958
-0.117318
0.069338
0.166869
-0.039977
0.064630
-0.021861
-0.049288
-0.049804
-0.136937
0.052625
-0.180379
-0.044605
0.172798
-0.129330
0.179770
0.163715
-0.086753
-0.080726
0.032405
0.153864
0.075511
-0.055502
0.064322
0.106804
-0.178630
0.057796
-0.044920
-0.008411
-0.024727
-0.201348
0.018410
0.098442
-0.055933
-0.037036
-0.012835
0.107306
0.009095
0.019651
-0.056576
-0.063156
-0.044576
0.030871
0.035850
-0.008883
-0.131869
0.033005
0.041323
0.005569
0.145230
0.083547
0.126494
-0.044965
-0.023139
0.069094
-0.160102
0.073584
-0.086941
-0.092447
-0.046487
-0.068154
0.118837
0.091897
0.003281
0.048199
0.046488
0.144578
-0.036118
0.036830
-0.048086
0.014399
-0.162294
0.204467
0.049915
0.024101
0.123692
0.191195
-0.088993
0.109758
0.051607
0.021017
-0.060466
-0.105715
-0.149769
-0.016092
0.038655
-0.192200
0.069040
0.137420
-0.269265
0.031436
-0.024024
-0.043559
0.029779
-0.107619
0.016539
0.115040
0.071316
0.028618
0.104189
0.039047
-0.070115
0.059267
0.116722
-0.026649
0.008623
0.028915
-0.009507
0.119132
0.112192
0.242576
0.154275
0.024412
-0.028102
0.011252
-0.039260
-0.031174
0.018520
0.110525
0.060969
0.087143
-0.059106
-0.044225
-0.029709
0.032226
0.209785
-0.061472
-0.098136
0.066026
-0.114589
0.053894
0.128214
-0.003980
0.117672
-0.063813
0.081180
0.040481
0.001396
-0.045488
-0.017334
0.052061
-0.024222
-0.029064
0.038090
0.059907
-0.039316
0.010579
-0.070054
0.002575
-0.021191
0.210418
0.061127
-0.096532
0.030690
-0.131849
0.128821
-0.003470
0.003672
-0.018998
0.095686
-0.070876
-0.069015
-0.031440
-0.132502
0.082670
0.068544
0.031283
0.140527
-0.039317
0.049280
0.058967
-0.060898
-0.090489
-0.009357
0.060041
-0.088268
-0.059050
0.126893
0.062634
-0.101452
-0.029626
-0.081185
0.097308
0.046482
0.011257
-0.113627
0.054285
0.202330
-0.073753
-0.075785
0.124281
-0.164278
-0.112345
0.007548
0.112001
-0.170019
-0.031359
-0.023800
-0.042385
-0.038736
-0.045985
-0.017649
-0.069923
0.084988
0.157240
0.023337
-0.066973
0.013750
0.020385
0.041539
0.021556
0.009282
-0.025064
-0.125274
0.213851
0.155864
0.065289
-0.201835
0.171025
-0.025225
-0.018298
0.118501
0.024336
0.082697
0.123998
0.033149
-0.076721
-0.009575
0.017313
-0.114341
-0.068149
-0.081451
0.041577
0.052947
-0.193908
-0.030543
0.054833
0.042286
0.133756
-0.029139
0.170335
0.007459
0.134273
0.142193
0.171761
0.191186
0.027026
0.069086
0.060717
-0.099999
-0.046513
0.071017
-0.138119
-0.101782
-0.026668
0.033772
0.019593
-0.007336
0.086658
-0.107243
0.096538
-0.040908
0.012473
-0.115462
0.166988
-0.000106
0.175215
-0.018697
-0.013703
-0.045022
-0.031136
0.116929
-0.095081
-0.046588
0.024924
0.083998
0.125013
0.075182
0.002242
0.029244
-0.164933
0.198360
-0.180035
-0.066616
-0.011239
-0.200257
-0.032949
-0.058005
-0.016447
-0.083986
0.117267
-0.055565
-0.031562
0.126465
0.005406
0.104123
0.115882
-0.058995
0.200199
-0.087479
0.048806
0.162526
-0.014407
0.052185
0.017635
-0.038463
0.192022
0.247211
-0.132910
0.042654
-0.123704
0.056420
0.085602
0.031487
-0.022361
-0.017711
0.132523
-0.021108
-0.016760
-0.031655
0.151210
0.068581
-0.029246
0.077138
0.097361
0.005626
-0.134191
0.153685
0.049482
-0.026825
0.060140
0.057458
-0.043395
-0.011530
-0.069950
0.043956
0.104249
-0.016568
0.011957
-0.072081
0.046834
0.075025
-0.093194
0.200121
0.090402
-0.027919
-0.020417
0.069611
-0.045750
0.017752
0.151136
0.062804
-0.025498
0.070759
0.059669
-0.110811
-0.222517
-0.015700
-0.063902
-0.180945
0.159724
0.054852
0.058964
-0.089249
0.082008
-0.062036
-0.061059
0.174690
0.069704
-0.125209
0.135656
0.063923
0.058299
-0.010047
0.118761
0.184049
-0.082641
0.121087
0.029355
0.065806
0.005892
-0.045334
-0.043059
-0.108642
0.052995
0.048225
0.082943
-0.010176
0.035197
0.064767
0.112721
-0.015719
0.058213
-0.072281
0.038718
-0.164095
-0.054551
0.074675
0.052749
0.084737
0.140948
0.019479
0.010770
-0.067584
-0.021796
0.125248
0.176324
0.038646
0.070455
0.137410
-0.009329
-0.037988
-0.078425
-0.005441
-0.047217
0.085584
-0.150131
-0.074528
-0.183029
-0.046632
0.010528
0.086285
-0.131451
0.110609
-0.095386
0.026101
-0.107989
-0.114417
0.030879
0.064315
-0.070462
-0.300754
0.220890
-0.145609
-0.041663
0.121986
-0.083700
-0.224727
-0.002880
-0.051482
0.079458
-0.037979
-0.256537
0.078711
0.248719
-0.127262
-0.077933
-0.028349
-0.063645
-0.093806
0.005137
-0.080035
0.106119
-0.111737
0.031495
-0.214052
-0.059152
-0.158308
-0.055442
-0.022005
-0.029328
0.066635
-0.033067
-0.035109
0.074656
-0.054671
-0.057602
0.012866
0.095015
0.125472
0.022061
0.078892
0.033883
-0.155645
0.114452
-0.102644
0.014688
-0.135113
-0.070989
0.016354
0.103540
0.108796
-0.103248
0.133345
-0.119344
0.057994
0.053766
-0.075683
-0.055675
0.073141
0.107211
-0.082847
0.071637
0.181063
-0.078808
0.147990
0.167969
0.098067
-0.012294
0.155035
-0.122450
0.065382
-0.003536
-0.141013
-0.145510
-0.141161
0.037885
0.124667
-0.111815
0.099703
-0.005215
0.052679
-0.021119
0.059521
0.000000
0.030936
0.130060
0.048845
0.266530
-0.080020
0.073953
-0.049752
-0.171945
0.018810
-0.052733
0.169246
-0.093126
-0.129377
0.026454
-0.126096
-0.007638
-0.006713
-0.055411
-0.092925
0.080320
-0.221022
-0.003245
0.134370
-0.100403
-0.126219
-0.175272
0.011242
0.057546
-0.044178
0.082727
0.103496
-0.060660
0.032510
0.054541
0.257483
-0.038580
0.005460
-0.019516
0.183124
-0.039933
0.151056
-0.075002
-0.221519
0.012170
0.029730
-0.160215
0.115001
-0.126077
-0.136047
0.126525
0.086261
-0.093745
0.002475
-0.107041
-0.036352
0.019892
-0.040731
0.058609
0.029186
0.040939
-0.001805
-0.236620
0.046986
0.049105
-0.240099
0.008158
-0.033438
0.053643
-0.185751
-0.084274
-0.102481
-0.002805
-0.124485
-0.119010
0.093753
0.111013
0.102264
-0.035381
-0.212555
0.046554
0.046219
0.018022
0.040265
0.123306
0.008933
-0.065421
0.018295
-0.019702
0.053156
0.038704
0.094053
-0.124077
-0.035384
0.077523
-0.133687
-0.101226
-0.117654
0.058804
0.015902
-0.003296
-0.185895
-0.255317
0.047532
-0.045536
0.083487
-0.172252
0.001262
0.044291
0.127450
-0.063559
-0.021991
0.041923
-0.053331
-0.133270
0.127017
0.115624
0.011565
0.200047
-0.116044
0.011216
0.096958
0.120009
0.023425
-0.034773
0.046859
0.013270
0.122116
-0.042223
-0.022099
0.102140
0.053667
-0.007263
0.118823
0.024219
0.069548
-0.246815
-0.052541
-0.156157
0.290883
-0.088324
-0.109853
-0.133167
-0.084809
-0.088063
0.095122
0.086279
0.021326
-0.075782
0.090657
0.074432
0.113406
-0.025158
-0.184887
-0.112439
0.149727
0.137193
0.166803
0.273907
0.063137
0.038060
0.023372
-0.280088
0.083400
-0.006371
0.114220
-0.093190
-0.004184
0.171690
0.109064
0.116860
-0.067051
0.011338
-0.073258
-0.032201
0.117044
-0.068214
-0.006539
-0.212588
0.133125
0.218416
0.105342
0.008533
-0.071087
-0.213786
0.044037
-0.131106
-0.146396
-0.079701
0.044226
0.011381
0.234140
0.180235
-0.143230
0.047793
-0.057375
-0.170577
-0.054377
0.007425
0.082899
0.055402
-0.004612
-0.039462
0.027934
-0.073785
-0.001740
0.139323
0.121935
0.132319
-0.101800
-0.103692
0.028147
-0.024454
-0.079616
-0.026290
-0.132483
0.165801
-0.137029
-0.181296
0.100897
-0.019169
-0.082563
-0.232165
0.042002
-0.067430
-0.143268
0.012908
0.104180
-0.032248
0.098353
0.001125
-0.025982
-0.068551
-0.117986
-0.074355
0.125424
0.109238
0.026069
0.252955
0.002637
0.202461
-0.143612
-0.071778
-0.035453
0.267816
-0.072265
-0.239521
-0.035290
0.019905
0.009696
-0.048641
0.074845
-0.073034
-0.016208
0.026450
0.203372
-0.006779
0.063692
0.179207
0.072782
-0.154762
-0.137552
-0.050001
0.022802
0.132555
-0.035392
0.125147
-0.098490
-0.004584
-0.173879
-0.163699
0.042435
-0.003223
-0.342270
-0.052575
0.146055
-0.117670
-0.375817
-0.213944
-0.182548
0.166476
-0.114269
-0.007429
-0.054367
-0.055657
0.129823
0.091153
0.064171
-0.062194
-0.143919
0.080760
-0.011288
0.218835
0.054502
0.046428
-0.000245
0.158635
0.106359
0.005755
0.106122
-0.054748
-0.111652
-0.110533
-0.074644
0.200452
0.056981
0.029826
-0.050660
0.056631
0.115552
0.133017
-0.123997
0.025360
-0.254715
-0.078515
-0.047575
-0.017073
-0.168568
-0.045039
0.031922
0.122297
0.115251
-0.014214
0.098126
0.159823
-0.150004
-0.124059
0.041587
0.148994
0.106640
0.038396
0.065663
-0.162245
0.075201
0.117673
-0.092406
-0.085183
-0.164109
0.130663
0.097703
-0.059666
0.042783
0.135883
-0.073184
-0.042762
0.126121
0.211575
-0.257023
0.230727
0.052510
0.104662
-0.002995
0.060607
-0.043264
0.145833
-0.036024
0.129918
-0.110932
-0.095142
0.121114
0.195774
-0.157293
-0.082738
-0.036046
-0.129174
0.366597
-0.059852
0.079370
-0.154062
0.041530
0.176056
0.145617
-0.092914
-0.325789
-0.176623
0.036944
-0.079231
-0.118941
0.062461
0.197909
0.080105
0.161496
-0.121039
-0.136959
-0.169896
0.047271
0.040030
-0.146707
-0.095903
0.108843
0.096539
0.042046
-0.339861
0.101405
0.088021
0.129880
-0.089292
-0.058041
-0.072787
-0.025694
0.131952
-0.145058
0.150910
-0.024710
-0.231467
-0.123645
-0.017435
0.224881
0.142602
-0.081028
-0.130569
-0.028175
0.050455
-0.057637
0.165396
0.177591
0.080262
0.002859
-0.033148
-0.034797
0.046923
-0.361203
0.104110
0.101886
0.004600
-0.036031
0.023122
-0.081765
0.023842
0.066939
-0.183432
0.273774
-0.108561
0.253478
-0.148155
-0.060352
-0.018395
0.024431
-0.058379
-0.110461
-0.016862
-0.014275
0.046186
0.184946
0.143047
0.019207
0.237261
0.078709
0.002493
-0.130255
0.050588
-0.124012
-0.151325
-0.074770
-0.279168
-0.230615
0.288325
-0.042215
0.198213
-0.235653
-0.013992
-0.056079
0.085225
0.185920
0.039413
-0.239452
-0.040702
0.027262
0.095328
0.039161
-0.009976
-0.124428
0.157400
-0.006741
-0.220317
0.032979
0.076382
0.014596
-0.053367
0.109604
-0.194043
0.127016
0.054247
0.103112
-0.027111
-0.100403
-0.057373
-0.048758
-0.103795
0.078411
-0.225937
0.105999
-0.024857
-0.062363
-0.065596
-0.124621
-0.033499
0.087579
0.214105
-0.174362
-0.022937
0.129582
-0.122782
-0.020668
-0.168823
-0.047058
-0.128757
0.083895
0.041896
0.032046
0.171172
0.012766
-0.128893
-0.117104
-0.245634
-0.134658
0.008300
-0.073399
-0.089843
-0.119092
0.063567
-0.106712
0.057269
-0.021482
-0.056829
-0.066502
-0.129816
0.182206
-0.330737
0.104322
-0.229688
-0.067837
-0.226509
0.005379
-0.095471
-0.082289
-0.086852
-0.305507
-0.163808
-0.021976
-0.178273
-0.054720
0.092194
-0.212480
0.220847
0.180519
-0.052875
-0.228344
-0.059071
-0.125413
0.088425
-0.148599
-0.186328
0.068526
0.212104
-0.054809
-0.048613
0.034506
-0.118660
0.215221
-0.125421
0.065536
-0.132282
0.195893
-0.025153
-0.039446
-0.027286
0.067315
0.096109
-0.185020
-0.193600
-0.155048
-0.275140
0.171857
0.092311
-0.096755
-0.004240
-0.081195
0.101635
-0.268237
0.057918
0.176083
-0.147499
0.136535
0.124761
0.129604
0.074151
0.110319
0.035563
0.147328
-0.073688
0.033538
0.002513
-0.090560
0.101432
-0.279857
-0.161009
-0.201286
-0.087369
0.064604
0.064163
0.081778
-0.171584
-0.040512
0.212131
0.050437
-0.239222
-0.034378
0.124348
-0.050509
0.209062
0.086978
-0.078798
-0.173716
-0.067871
-0.113081
-0.036714
0.117096
-0.031500
-0.270063
-0.236190
0.057782
-0.132721
-0.108096
0.161396
0.248900
0.036940
0.041394
0.134323
0.086790
0.013869
0.098385
0.022043
0.230670
-0.138224
-0.089208
-0.038041
-0.155817
-0.074704
0.102378
0.032694
-0.079824
0.122459
0.199124
-0.026051
-0.273555
0.211419
0.061274
0.161561
-0.072985
-0.007641
0.195865
-0.090567
-0.094815
0.085323
0.115514
0.038132
0.215610
-0.047474
0.093662
-0.184999
0.172381
0.006072
0.014400
-0.056406
-0.199393
-0.020290
0.113400
-0.051571
0.019534
0.010367
0.390104
0.031370
0.109821
-0.043584
0.090995
0.043526
0.034230
0.013044
-0.140814
0.000780
-0.129133
-0.023188
-0.069395
-0.140477
-0.050585
0.027705
0.190603
0.054659
0.250586
-0.072849
-0.037672
-0.062240
0.243836
0.040295
0.132051
-0.042174
0.039396
0.017399
-0.063927
0.006820
0.100132
0.042562
-0.000607
-0.161208
0.183620
-0.087132
-0.129510
-0.021097
-0.051137
0.001378
-0.264013
-0.021702
0.081894
0.027429
-0.204593
-0.033214
0.059266
-0.076951
0.129739
0.057258
-0.254087
0.095883
0.150305
-0.065875
0.054352
-0.025929
0.061766
0.272966
-0.145799
-0.034004
-0.111890
0.122475
-0.049738
0.040657
-0.033041
0.048926
-0.164390
0.103437
0.044433
0.166915
0.046586
-0.060868
0.173316
0.123013
0.384805
0.166192
-0.090065
0.100629
-0.044948
0.086894
0.042836
0.033906
0.014245
-0.015960
-0.156800
-0.066744
-0.025506
-0.124020
0.212508
-0.011249
-0.215663
-0.025955
-0.269680
0.097849
0.075235
0.007778
0.264495
0.201167
0.066070
0.024467
-0.234961
-0.104656
0.236452
0.097307
0.138418
0.195501
-0.147420
-0.096856
0.222175
0.076406
-0.210325
-0.005584
0.184559
0.025572
0.097003
-0.020166
-0.148134
0.093173
-0.139226
0.193125
-0.021030
-0.000529
-0.118584
-0.072857
-0.163968
0.058446
-0.257488
0.052904
-0.022735
0.027026
-0.082203
0.143387
-0.055005
-0.378762
-0.382874
-0.148554
0.217859
-0.036122
0.014513
0.026316
-0.112607
-0.093092
0.102977
0.022626
0.061260
-0.005180
0.126704
0.037037
-0.045408
-0.106068
-0.090129
0.037975
0.046996
0.077063
0.271259
0.029257
-0.002759
0.184181
0.161737
-0.007465
0.118122
-0.131313
-0.066323
0.090925
0.011466
-0.046838
0.094004
-0.223916
-0.135258
-0.064130
0.271976
0.335935
0.011559
0.086482
0.075463
-0.022101
0.032382
0.041954
-0.146826
0.003671
0.011185
-0.027205
-0.002136
-0.008614
-0.006543
-0.252482
0.097047
0.025594
0.011321
-0.064395
0.009792
-0.155503
0.133627
0.182992
0.174085
0.078286
-0.053555
-0.227301
0.061158
-0.003522
0.063140
-0.052423
-0.026341
-0.155663
-0.056916
-0.044990
-0.167287
-0.143919
-0.055933
0.027136
0.151733
0.211244
-0.099175
0.009956
-0.089351
0.077693
0.137416
-0.169762
-0.009002
-0.117775
0.083770
-0.278790
-0.079896
-0.083797
0.050173
0.358880
0.090695
-0.101633
0.173905
-0.053234
0.156519
0.087910
-0.213755
0.074880
-0.140936
-0.066208
0.188009
-0.006739
0.012340
0.120602
0.135854
0.021740
-0.043776
0.052496
-0.090714
-0.022393
0.043989
0.148486
-0.026212
0.133771
-0.059524
0.010915
0.153847
0.217637
0.294105
-0.203542
-0.239033
0.141420
0.069102
-0.017789
-0.076630
-0.036378
-0.203949
-0.146159
0.009221
-0.165326
0.115552
-0.061351
-0.060862
0.174431
0.497242
-0.011158
-0.162725
-0.191812
-0.139356
-0.197849
-0.036613
-0.176711
0.211367
0.012382
-0.017610
-0.037275
0.017595
0.195394
-0.137906
-0.326599
0.064181
0.036197
0.155129
0.016197
0.022462
0.083626
-0.208684
-0.088497
0.098738
-0.126488
-0.067708
0.270227
0.011260
-0.181391
0.123769
0.051036
-0.002948
-0.041925
0.209154
-0.094365
0.145137
-0.124083
0.062026
0.157438
0.130717
-0.032717
-0.140880
0.218070
-0.101435
0.205606
-0.040871
-0.045768
-0.024931
0.042918
0.162197
-0.039326
0.125427
0.340694
0.197323
0.080124
-0.007644
0.032012
-0.045387
0.024676
-0.112585
-0.019034
0.239382
0.047510
0.117801
-0.085427
0.021610
0.171392
0.227473
0.010986
0.046939
-0.042777
0.324922
0.011179
-0.152083
0.260127
-0.115718
-0.179726
-0.181462
0.094506
0.128160
-0.083359
0.020559
0.139527
-0.009226
-0.066878
0.250757
-0.155826
-0.064122
0.177070
-0.113892
0.283429
0.161780
0.311948
-0.023150
0.078583
-0.282226
0.002543
0.002455
-0.058118
-0.150130
-0.039452
0.120308
0.018918
0.170853
0.186398
-0.134871
-0.032746
-0.101709
-0.137654
-0.003072
0.008209
-0.351794
0.140302
0.123004
0.136546
0.002133
-0.033535
-0.009131
-0.225957
0.126877
-0.039303
0.203199
0.133955
0.239295
0.200312
0.152546
-0.009847
-0.117694
0.128945
-0.107134
-0.076135
0.063757
0.035989
0.035875
0.002559
-0.074468
-0.072959
0.172254
-0.000103
0.043168
0.093877
0.076081
-0.027300
-0.061135
-0.044780
0.121076
-0.075625
0.160855
0.165980
-0.015759
0.039211
0.147545
-0.160973
0.064424
0.036979
-0.169313
-0.030346
-0.115118
0.236673
-0.058379
-0.220319
0.316207
0.126312
-0.107033
-0.058756
-0.011971
0.074331
0.307789
-0.052548
0.162786
0.079029
-0.295331
0.180725
-0.198441
0.069524
-0.046188
0.105493
0.094819
0.165704
-0.060027
0.042806
-0.102178
0.244599
-0.056412
-0.025200
0.129347
-0.170463
0.028723
-0.181054
-0.048826
0.031315
-0.061076
0.170472
0.013020
0.065844
-0.043568
-0.158079
-0.085815
-0.103510
-0.025622
-0.078047
0.056605
0.071680
0.062539
-0.168253
0.254769
0.047862
0.137895
0.102201
0.342184
-0.137229
-0.138056
0.086314
-0.084413
-0.134379
-0.151949
0.212140
0.095123
-0.039570
0.081183
0.006532
-0.029646
0.092747
-0.005877
0.268152
-0.078682
0.122129
-0.126710
0.338339
0.052318
0.050324
-0.344346
-0.151871
0.034311
-0.049417
0.011214
-0.064535
-0.015293
-0.233805
0.081792
-0.105766
-0.008573
0.089010
0.138742
0.188425
-0.139372
0.057648
-0.148419
0.045802
-0.141306
-0.096080
-0.154568
-0.054808
0.226187
0.209793
0.122036
0.024198
0.083579
0.170013
-0.259025
-0.115902
0.045360
0.018914
0.107876
0.027136
-0.181647
-0.190712
-0.020319
-0.058750
-0.050470
-0.162872
-0.085781
0.087049
-0.133860
-0.277559
-0.145916
-0.039003
-0.070571
0.138936
-0.065397
-0.060170
-0.250699
-0.107194
0.020357
-0.041499
0.155023
-0.012903
-0.276182
-0.080841
0.224762
0.134822
0.018051
-0.067052
-0.248340
-0.175914
-0.038650
-0.128034
0.062661
0.064389
-0.218472
0.228962
0.366682
0.126245
-0.216370
-0.229209
0.140586
-0.163320
-0.089652
0.011939
-0.200428
0.245324
-0.198823
-0.200593
0.140617
0.104372
-0.074835
-0.077399
-0.094987
-0.118003
0.101683
-0.366227
-0.024838
0.045910
-0.162270
0.065976
-0.244648
-0.085444
0.204994
0.068066
0.042875
0.064972
0.003045
0.096899
0.152934
-0.010405
-0.314263
-0.113109
-0.289390
-0.007199
0.164155
-0.014041
0.072256
0.077629
0.125680
0.059483
-0.113272
0.011544
-0.060968
-0.001567
0.050181
0.137317
-0.111730
0.099179
-0.023391
0.098130
-0.259198
-0.053583
-0.084221
-0.193267
0.045207
-0.077690
-0.130319
-0.011731
-0.052877
-0.048363
-0.074358
-0.088063
0.186435
-0.208272
-0.127686
0.108680
-0.025638
-0.188512
0.199618
0.146743
0.089742
-0.020089
-0.182764
-0.027067
-0.102824
0.005279
-0.174116
0.100168
-0.044542
-0.211191
0.124081
0.085597
-0.202663
-0.140559
0.120708
0.104634
0.137645
-0.176321
0.155906
-0.192811
0.252012
0.105437
0.025769
-0.098631
0.112493
-0.199687
-0.148983
-0.118251
-0.035848
-0.236962
-0.028358
0.070879
-0.044218
-0.215906
-0.131991
-0.202649
-0.093242
-0.059609
0.158555
0.135241
0.254198
0.121998
0.034120
-0.197574
-0.070586
0.088124
0.046440
-0.058014
-0.049381
0.093034
0.204280
0.029639
-0.047124
-0.243015
-0.011554
-0.135073
0.036134
-0.076630
-0.147314
-0.290431
-0.190201
-0.101671
-0.011045
0.124816
0.083491
-0.080438
-0.078352
-0.200688
-0.139458
0.064186
0.245912
0.023894
-0.063990
-0.148415
0.095043
-0.116799
-0.025481
-0.025171
-0.062351
-0.140473
0.188623
0.117050
-0.038083
0.045551
0.079433
-0.068402
0.008297
0.022547
0.112010
-0.042004
0.022977
0.102249
0.180919
-0.049346
0.028048
0.079455
0.011384
-0.056574
-0.079434
-0.171457
0.195100
-0.249037
0.290489
-0.047541
0.140356
-0.180940
0.308983
0.056219
-0.046437
-0.018381
-0.127741
0.102017
-0.224458
0.061342
-0.011107
-0.082594
0.030824
0.083412
-0.111324
-0.029351
0.048140
-0.001214
0.307346
0.210363
0.030761
0.204398
0.063391
-0.213210
-0.010814
0.033196
0.065173
0.019534
-0.261392
0.119900
-0.169506
0.075394
0.074972
0.251375
0.069432
0.362586
-0.061386
-0.246989
-0.322383
-0.267601
-0.044577
0.173227
0.065806
0.126151
-0.018067
-0.185621
-0.100994
-0.239901
-0.065559
0.019166
-0.120680
0.153072
0.008632
-0.127292
-0.046626
-0.102977
0.241732
-0.080904
0.209971
-0.001594
0.116322
0.060571
-0.161860
-0.082996
-0.106512
0.030878
-0.026342
-0.123910
-0.162613
0.074552
-0.181428
-0.173169
0.056323
0.155883
0.031262
-0.135747
-0.341094
-0.102496
0.194267
0.155142
-0.022860
-0.122411
0.003822
0.169628
0.086564
-0.138151
-0.076130
0.027317
0.037739
-0.210309
0.131541
0.045524
-0.203985
-0.136402
-0.229623
-0.117579
0.146587
-0.003544
-0.025887
-0.028655
0.076118
-0.112314
0.098199
-0.144615
0.043379
-0.254573
-0.133484
-0.000545
-0.071868
-0.141092
-0.143369
0.466167
0.269004
-0.036921
0.037642
-0.008986
-0.078903
-0.109669
0.042411
-0.002600
0.191544
-0.071591
0.012076
0.024817
0.103532
-0.046332
0.093507
-0.019930
-0.055836
0.057456
0.029488
-0.072334
-0.029952
0.063255
0.028489
0.004601
-0.017206
0.200978
-0.119136
0.147403
-0.044615
-0.156384
0.118287
0.056443
-0.027277
0.305631
-0.098507
-0.434955
0.226577
0.158736
0.226508
0.067256
0.212245
0.128169
0.155714
0.042361
-0.116843
-0.084118
-0.348305
0.121809
-0.200904
0.198777
-0.266108
-0.083219
-0.172999
-0.371880
-0.107941
0.059438
-0.181401
-0.167844
0.191193
-0.093022
-0.005084
0.009080
0.108216
0.090542
-0.088897
-0.092692
0.162535
-0.119774
0.051536
-0.061082
0.064361
0.457215
-0.223255
0.155038
-0.016806
-0.031090
0.302672
-0.121314
-0.156047
-0.229347
-0.055168
-0.210094
0.097408
-0.080158
-0.166177
0.079923
-0.153886
0.220546
0.114275
0.111078
-0.114351
-0.003924
-0.095407
-0.050265
-0.003593
-0.103893
-0.092481
0.001119
-0.069074
0.155013
-0.011078
-0.218451
-0.031875
-0.360063
0.056945
-0.294107
-0.122240
0.059054
0.003461
-0.153866
0.156571
-0.367597
-0.028416
-0.299825
0.086164
-0.229751
0.056566
0.043979
0.249800
-0.065863
0.245338
0.064277
-0.038355
-0.087979
-0.166449
0.426411
-0.255162
0.070697
-0.014148
-0.038433
-0.175299
0.201355
0.139380
0.109440
-0.044518
0.146661
-0.027209
0.099714
-0.561596
-0.024334
-0.307256
0.097088
0.353683
-0.041170
0.054417
-0.120027
-0.163207
-0.100504
-0.133187
-0.047592
-0.112221
0.065238
-0.035542
0.079366
-0.095611
-0.019582
0.087521
0.100611
-0.208990
-0.225675
0.253691
-0.111214
-0.205465
-0.149541
-0.091184
0.030257
-0.143848
0.174124
0.062442
-0.338034
0.187386
0.095529
-0.127242
-0.011732
0.211476
-0.131429
-0.037666
0.001090
0.091455
0.267009
-0.096343
0.007051
-0.115445
0.051196
-0.121513
-0.143295
-0.227569
-0.013147
0.114831
0.041036
0.020803
-0.050450
-0.118727
-0.186659
-0.028946
0.091043
-0.175829
0.097317
0.018242
-0.174011
-0.351097
0.137674
-0.108458
0.043281
-0.041057
-0.003384
0.070383
-0.221501
0.174375
-0.138825
-0.081868
0.111682
-0.029110
0.081095
0.106649
-0.044530
-0.436174
-0.060243
0.129001
-0.228566
-0.121174
0.163521
0.154050
0.175162
-0.162522
-0.055713
0.270121
0.339518
-0.061255
-0.027109
0.167137
-0.105279
0.231224
-0.087749
-0.027195
0.255183
-0.106378
-0.014333
0.006208
0.055670
0.152120
0.004018
0.066868
-0.111093
0.054677
-0.086304
0.018995
-0.159641
0.049437
-0.072217
-0.086277
0.134003
-0.287961
0.090827
0.038784
0.063757
-0.091362
-0.133399
-0.126859
-0.026100
0.033250
-0.264587
-0.010994
-0.073703
-0.040274
0.316102
0.194422
0.002687
-0.123402
-0.166978
0.108610
0.047521
0.029350
-0.015256
-0.056377
-0.307005
0.025016
0.061600
0.133574
0.114713
-0.091829
0.065377
-0.044095
0.079927
-0.002801
-0.095529
-0.056475
-0.105838
-0.050973
0.197367
0.140491
0.321428
0.178609
0.074920
-0.124670
-0.153007
-0.077536
0.017238
-0.014422
0.342169
0.106162
0.050700
-0.143887
0.223207
-0.338791
-0.019668
-0.332989
-0.286385
-0.118859
-0.196052
-0.115115
-0.271644
0.131087
0.218027
0.373872
0.160549
0.023490
0.340062
0.159192
-0.071705
-0.076548
-0.167278
-0.289951
-0.155661
0.005780
0.159190
0.007963
-0.081818
-0.025691
0.116816
0.058043
0.010378
0.052514
0.260613
0.099984
-0.341115
0.058875
-0.152616
-0.157771
0.166337
-0.033096
0.189905
-0.294134
0.085778
-0.052875
-0.148775
0.179778
0.042756
-0.084274
-0.152863
-0.091933
-0.190142
0.186098
-0.152335
0.316553
0.074771
-0.069526
0.085901
0.064278
-0.058013
0.163067
-0.066895
-0.081314
-0.253250
0.166600
-0.011202
0.158933
0.092789
0.109275
-0.017815
0.173146
0.360768
0.180658
-0.042667
0.087330
-0.178778
0.029284
-0.035700
0.007320
0.086025
-0.058587
0.099432
0.016283
-0.033166
0.089859
0.152948
-0.108191
0.128681
0.271348
-0.115984
-0.054622
0.234728
0.067067
0.247276
-0.176874
-0.019724
0.367976
-0.042869
0.188211
-0.252275
-0.241225
0.068552
-0.226105
-0.063046
-0.031577
0.129570
-0.276686
-0.122772
0.254161
-0.250526
-0.120549
-0.185127
0.083939
0.076792
0.219849
0.063406
0.073880
0.113914
-0.099220
-0.076711
-0.193236
0.134124
0.243338
-0.104591
0.034232
-0.372254
-0.206477
0.006198
0.130760
-0.134032
-0.030413
0.070468
0.052347
0.021328
0.078304
-0.428904
0.123710
-0.033009
-0.269112
0.076408
0.016133
-0.178389
-0.046966
-0.099623
0.183549
0.073112
-0.044393
0.112974
-0.063159
-0.019353
0.132912
0.120872
0.185728
-0.021188
0.040106
0.345456
0.133375
-0.221629
0.129479
0.185962
-0.165964
0.116300
0.272510
0.060399
-0.133482
0.220845
-0.212884
0.350494
0.067893
0.249460
0.065510
0.162822
0.040997
-0.129497
0.121822
0.102163
-0.071673
0.128955
0.170238
-0.179596
-0.281251
-0.073841
-0.326974
-0.018559
0.158223
0.296592
0.038873
0.060763
-0.069400
-0.066437
-0.097568
-0.204425
0.048889
0.332016
-0.130090
0.135501
-0.136895
0.142496
0.121153
0.134256
-0.130421
0.215995
0.052261
-0.138978
0.232823
0.136306
-0.192982
0.189806
0.395087
0.021051
-0.084577
0.212652
-0.196355
0.082410
-0.054035
0.254033
0.167464
0.186760
0.118207
-0.004030
-0.213168
0.107767
0.052928
0.094501
-0.072536
-0.048495
-0.097719
0.018258
0.087614
-0.137576
-0.034704
-0.205101
-0.064404
0.035672
0.091800
0.111937
-0.044927
-0.179718
0.302629
0.070807
-0.097410
0.090549
-0.401273
-0.098611
0.244474
0.212027
-0.057823
0.029618
0.069574
0.035423
-0.196888
-0.093687
0.064445
-0.112640
0.044111
0.054481
0.088517
-0.143480
0.197589
0.016939
-0.048966
0.001875
-0.000293
-0.048718
0.395612
0.282659
-0.239123
0.184231
0.500009
0.197357
0.070591
-0.393842
-0.134555
-0.143639
0.132422
-0.128190
0.060799
-0.036206
-0.230638
-0.111283
-0.029683
-0.198276
-0.175042
-0.041089
-0.056040
0.019202
-0.291938
0.079146
-0.129199
-0.189082
-0.280127
0.264258
0.191266
-0.253732
0.069579
0.021076
-0.033344
0.054558
-0.006238
0.152212
0.141019
0.165392
0.194895
0.138282
-0.065858
-0.213512
-0.047544
-0.202236
-0.376175
0.022143
0.086768
-0.283445
-0.013418
0.245729
0.001069
0.183886
-0.001179
0.314396
0.305799
0.037720
0.250954
-0.207536
0.238877
-0.029896
0.246658
0.053829
0.105749
0.265656
0.071311
-0.240061
-0.054093
0.209859
0.108494
0.141080
0.129771
-0.143250
0.043410
-0.039500
-0.202800
-0.255403
-0.114930
-0.243571
0.148353
-0.241322
0.114469
0.059953
0.003676
-0.172876
-0.051161
0.013143
-0.046835
0.269860
-0.021807
-0.154190
0.256678
-0.287455
-0.025361
0.033174
0.215291
-0.298305
-0.161802
0.075377
0.143504
-0.124790
0.257049
-0.069439
-0.119439
0.104162
-0.023965
-0.004176
-0.087741
-0.164362
0.016732
0.039552
-0.093261
0.017104
0.368879
0.011989
0.130535
0.076458
0.128007
0.179718
0.246994
0.086831
-0.236256
-0.033921
0.119405
-0.048050
-0.095406
0.238544
-0.016229
0.357087
-0.014392
0.095891
-0.113087
0.149562
0.031892
0.108323
0.001526
0.171559
-0.086118
0.000739
0.204127
-0.334087
0.022420
0.095642
0.194979
0.314456
0.312299
-0.009550
-0.161874
0.138041
-0.183372
-0.054995
-0.124517
0.021652
-0.312503
0.141637
0.268313
-0.324295
-0.010580
-0.052412
0.094932
0.044358
0.302534
0.137633
0.403200
0.082989
0.151961
0.170727
0.007304
0.078780
-0.067186
0.056748
0.171356
-0.038271
0.007362
0.021633
-0.026926
0.045853
-0.049993
-0.448029
0.036439
-0.146851
-0.112251
-0.023452
-0.082211
-0.135657
-0.332895
-0.034212
0.120707
0.092296
-0.066461
0.045912
-0.012596
0.013276
-0.065437
0.180173
0.097341
0.013908
-0.058973
-0.244257
-0.087980
-0.019509
-0.198248
0.045866
-0.059865
0.365752
0.213122
0.049461
0.179785
-0.094059
0.087065
-0.139865
0.037911
0.049220
-0.317517
-0.398927
0.133029
-0.212605
-0.094610
0.024038
-0.084229
-0.285940
0.239085
0.134055
-0.224092
0.036084
-0.065240
0.248112
0.341278
0.137244
-0.262502
0.161089
-0.029392
-0.433103
0.159753
-0.024753
0.142531
0.202144
-0.150473
0.124688
-0.148558
0.162516
-0.077249
0.077296
0.078517
-0.150009
-0.184535
0.066197
-0.037438
-0.359916
-0.148025
-0.182539
-0.015508
0.022714
0.313571
-0.037566
-0.168431
-0.109381
0.126643
0.076080
0.062213
0.252240
-0.079474
0.063871
0.028744
-0.180998
0.053098
0.040099
0.117478
0.034732
0.101774
-0.012464
-0.046794
-0.198670
-0.048634
-0.089129
0.145242
0.226747
-0.055930
0.062211
-0.094845
0.035965
0.276251
-0.200473
0.058392
-0.097836
-0.068589
0.246572
-0.195176
-0.064697
-0.342139
0.111659
0.038102
0.563967
0.054602
0.074252
0.118654
-0.047559
0.030135
0.119263
-0.133446
-0.038693
-0.084059
-0.370990
0.321909
-0.148593
-0.188869
-0.175171
0.017539
0.028220
-0.165222
-0.036988
0.052845
-0.112099
0.061822
-0.086848
-0.386489
-0.283218
-0.012973
0.058209
-0.162357
0.131608
0.013622
-0.167288
0.077875
-0.040596
0.095362
0.118068
0.133697
0.099423
-0.060516
0.242067
0.007947
-0.156380
0.007733
-0.022084
0.095397
-0.465473
0.020376
-0.021220
-0.209055
-0.028454
-0.037052
-0.007141
-0.038801
0.064270
0.018605
0.188700
-0.080628
0.090567
-0.326987
0.237206
-0.024117
0.126932
-0.002963
-0.076429
0.220987
-0.028205
-0.108936
-0.099120
0.125016
-0.122380
-0.125722
-0.077328
-0.105454
0.035084
0.457562
0.128202
0.099657
0.054514
-0.189539
-0.174506
0.188229
-0.133091
0.234805
0.257375
0.249347
-0.130513
-0.098611
0.029652
0.113694
0.381044
-0.078384
-0.046047
-0.174988
-0.108141
-0.242222
0.098479
-0.032721
-0.145511
-0.079783
-0.161165
0.162882
0.167430
-0.020839
-0.055763
-0.122022
0.160390
-0.161595
-0.069234
-0.049376
-0.079515
-0.267807
0.037856
-0.094102
0.326434
-0.203305
0.087104
-0.236275
-0.157865
-0.098394
-0.123555
0.003968
0.031924
0.076972
0.283671
0.267994
0.194838
0.378950
0.233719
0.046035
0.292431
0.060031
-0.188971
0.028694
-0.021017
-0.074042
-0.259128
-0.022220
0.153932
-0.043435
-0.292838
-0.107383
-0.099649
-0.271696
0.374087
-0.027824
0.411681
-0.103922
0.169258
-0.067363
0.216012
-0.264128
0.106651
-0.067081
0.150330
0.020147
0.234089
-0.083684
0.128719
0.200098
0.115974
-0.097059
0.145886
0.088315
-0.008318
-0.172072
0.083339
0.034766
0.038530
0.140082
0.001195
0.332490
0.067520
0.017314
0.142578
0.346952
0.132305
0.083765
0.109172
0.289668
-0.019047
0.138479
-0.163577
0.160212
0.150777
-0.328384
-0.271441
0.107043
0.167924
0.274948
0.230698
0.012879
-0.236933
0.164803
-0.058122
0.083518
-0.104538
-0.062661
-0.025390
0.227785
-0.083147
0.068423
-0.097862
-0.167242
0.029530
0.412753
-0.224096
0.141059
0.035735
-0.080194
-0.050592
0.007659
-0.002530
-0.112185
-0.238113
-0.108418
0.105846
-0.126883
0.023555
0.031211
-0.232227
-0.061184
-0.168271
-0.053943
-0.040782
0.109462
-0.060142
0.013652
0.026938
-0.003296
-0.330140
-0.036865
-0.289390
-0.099567
-0.150230
0.095482
0.248883
0.015424
-0.377239
-0.228243
0.073272
0.021017
-0.032518
0.085028
0.005384
0.169401
0.284466
-0.009195
0.169130
0.081477
-0.070331
-0.392353
-0.167436
-0.172707
-0.116899
0.204376
-0.143189
0.016537
-0.186698
0.022176
-0.035833
-0.074818
0.063087
0.044073
0.113382
-0.096425
-0.209237
-0.102446
-0.184676
-0.122072
-0.239704
0.344686
0.052450
0.284442
0.135058
0.026674
0.047777
-0.192611
0.074289
0.160919
0.013702
0.120114
0.208482
0.160026
-0.232257
-0.120370
0.028890
-0.019511
-0.026636
-0.141753
0.318721
0.045476
-0.054616
0.114367
0.234242
0.090143
-0.033253
0.096460
0.213772
0.174491
-0.202110
-0.157579
-0.259764
0.052419
0.176434
-0.069583
-0.214565
0.065849
-0.094283
-0.082094
0.407599
0.125455
0.196735
-0.079832
0.008157
-0.114476
0.075802
0.262087
-0.198057
-0.090126
-0.031003
0.007536
0.190873
0.184206
-0.010219
-0.014087
0.158340
-0.184129
0.015702
-0.060421
-0.208363
-0.113087
0.124977
0.258282
-0.147524
-0.025978
0.097422
0.048412
0.082584
0.202693
0.063996
-0.189421
0.147964
-0.046555
-0.166105
0.184041
0.052425
0.405396
0.141239
0.051707
0.055400
0.073807
-0.262036
0.048842
-0.116412
-0.070088
-0.054416
-0.252993
0.034058
0.004356
-0.171188
0.079991
0.041947
0.027987
-0.101819
0.104555
-0.025155
-0.182583
0.156373
0.225172
0.161333
-0.366545
-0.361801
0.184454
-0.089598
0.048648
0.160073
0.134769
-0.174205
0.251217
-0.089182
-0.164368
-0.376644
0.043700
-0.215864
0.128026
-0.034363
-0.202985
0.020044
0.140766
-0.014523
-0.146039
0.130699
0.080290
-0.020525
-0.220369
-0.321037
0.044100
-0.133642
-0.153885
0.148119
0.027889
0.212142
0.285216
0.059171
-0.120544
0.190646
-0.060075
0.230110
0.010005
-0.072784
0.179351
-0.031084
0.115031
0.151131
-0.075111
0.033221
0.077046
-0.114134
-0.311589
-0.007009
-0.196494
0.385118
0.089592
-0.272494
0.024656
-0.039775
-0.227627
-0.117343
-0.176852
-0.252986
0.010678
0.098195
0.007290
0.272252
0.409780
0.034124
-0.412769
0.106682
-0.107971
0.134157
0.014073
0.147605
0.020118
0.108488
-0.252827
0.148722
0.231905
0.215078
0.057054
-0.263927
-0.243670
0.065310
0.150218
0.195760
-0.198028
-0.046154
0.012225
0.219164
0.101352
0.133063
-0.277807
-0.181349
0.205724
0.036970
-0.141416
0.049880
-0.139697
-0.201469
0.013700
-0.174683
0.085551
-0.185147
-0.261620
0.300430
0.042865
0.228159
-0.529135
-0.183430
-0.444742
0.006968
0.423886
-0.076831
-0.351969
0.116700
-0.031008
-0.216781
0.048595
-0.041865
0.222325
-0.277723
-0.329759
0.091881
-0.155910
0.420523
-0.257472
0.149600
-0.016306
-0.358122
0.185893
0.138579
0.069605
0.259972
-0.209725
-0.263668
0.015867
0.062863
-0.104369
0.143993
-0.057529
-0.010402
-0.253908
0.197148
0.210276
0.246651
-0.166220
-0.432272
0.001832
0.347209
-0.194922
-0.293571
-0.404462
-0.242799
-0.008720
-0.064308
0.071686
0.109528
-0.141445
0.128845
-0.000656
-0.096219
-0.111958
0.085504
-0.067057
0.398940
-0.317678
0.313767
0.155623
-0.018559
-0.340223
-0.568584
0.135423
0.110691
0.244078
-0.171423
-0.037624
-0.107484
0.278409
0.071077
0.342449
-0.115468
-0.626132
-0.266306
-0.155099
-0.365298
-0.099833
0.193769
0.086632
-0.061707
0.040167
0.070332
-0.062937
0.220244
-0.054930
0.115318
0.012521
-0.288602
-0.100272
-0.040424
-0.347554
0.432861
-0.099355
-0.192653
0.128043
-0.099644
0.084236
0.171770
-0.087717
0.037075
0.005113
-0.050006
-0.177201
-0.156288
0.018626
-0.115641
0.078238
-0.360260
0.166416
0.047594
-0.250911
0.113358
0.181746
-0.081063
-0.140591
0.117703
-0.004581
0.145025
-0.202350
-0.176642
0.062148
0.044524
-0.399412
-0.113747
-0.412665
0.232723
-0.217109
0.114870
0.014190
-0.222069
-0.013349
0.080310
-0.320224
0.046129
-0.135197
-0.295751
-0.023405
-0.016531
0.011642
-0.099939
-0.114402
0.350601
-0.132100
0.121870
-0.342171
-0.075876
-0.262031
-0.126912
-0.021574
0.047983
0.058315
0.048665
-0.071532
0.025180
0.269142
-0.271308
0.129418
0.002740
-0.048126
-0.010755
0.054275
-0.104053
-0.009509
-0.107558
0.336882
-0.087271
-0.051143
-0.273379
-0.299862
0.057585
0.129190
-0.157663
0.090017
0.170099
-0.037441
0.179382
-0.236412
-0.040085
-0.017151
0.291333
-0.063933
0.137740
-0.187965
-0.255094
-0.015752
0.167011
-0.452043
-0.162141
0.063332
0.221978
-0.385209
0.249096
0.019005
-0.096182
0.012716
0.184152
-0.063429
-0.145722
0.073942
0.039302
-0.040783
-0.034214
0.513709
0.171362
0.120386
-0.257173
0.050480
-0.212758
0.085839
-0.194172
0.039987
0.176068
-0.292449
-0.043965
-0.115261
0.086988
-0.094591
-0.054182
0.072265
-0.274759
-0.159368
0.074310
-0.141876
0.118091
0.088554
0.001033
-0.079250
-0.198663
0.067266
0.105005
-0.066331
-0.247608
0.223523
0.522791
-0.013031
0.082802
0.080262
0.163915
-0.256873
0.264567
0.086790
-0.194984
-0.069618
0.249836
-0.128641
0.142843
0.012870
-0.047154
-0.024069
0.308906
-0.409272
0.020565
0.032177
-0.156286
0.320751
-0.271940
-0.092817
0.085859
-0.197818
-0.349661
0.398996
0.300410
0.026312
0.078463
-0.188849
0.169562
0.202638
0.359160
0.222499
-0.111252
-0.174322
-0.170445
0.120257
-0.147584
-0.129727
-0.242556
0.223939
-0.010710
0.351550
0.009120
-0.080080
0.279682
0.027095
0.277747
-0.035171
-0.011927
0.161962
-0.123310
-0.122143
0.049040
-0.003396
0.187706
0.285628
-0.043020
-0.005532
0.339030
-0.076490
-0.063223
0.217987
-0.098569
-0.009642
0.034564
0.284892
0.305396
0.239258
-0.098967
0.059028
0.176629
-0.079596
-0.035533
-0.497102
0.256559
-0.132213
-0.143906
-0.151232
0.359391
0.296171
-0.080906
-0.322804
0.312238
0.212293
0.133774
-0.229424
-0.047279
-0.007381
-0.033027
0.266348
-0.084475
-0.005925
-0.299813
-0.084960
-0.007572
-0.252089
-0.079839
-0.083252
-0.021552
-0.170516
0.070879
0.219052
-0.303858
0.050963
0.046215
0.092297
-0.040073
-0.356281
0.075376
0.178501
-0.055408
-0.089124
-0.034695
-0.107065
-0.051321
0.436390
-0.125599
0.230539
-0.029570
-0.029283
-0.077020
0.182517
0.107091
-0.174896
0.344867
0.247871
-0.103484
0.051854
0.077112
0.060620
-0.263768
0.006688
0.191349
-0.390584
-0.322565
0.164253
-0.156751
0.217704
-0.128769
0.427560
-0.323157
-0.146172
0.013025
-0.293488
0.043481
-0.213710
-0.331538
-0.332785
0.144710
-0.335069
-0.038074
-0.187861
0.095985
-0.193220
-0.118450
0.043598
0.081619
0.077329
0.262017
-0.352472
0.161854
-0.252276
0.082730
0.261844
0.024535
-0.110098
-0.246192
0.068723
-0.062399
-0.073934
-0.029542
-0.272689
-0.212664
0.258484
-0.044257
0.175645
0.062744
-0.191557
-0.168657
-0.114581
-0.231108
0.194344
-0.161466
-0.077923
0.048810
-0.026229
-0.019518
-0.191118
0.094019
-0.139396
0.191016
0.038912
-0.021953
-0.052052
-0.166829
0.014395
-0.162048
0.192505
0.210714
0.290125
-0.077701
0.172215
0.134488
-0.108855
0.106618
0.037044
0.277834
0.095952
0.083289
0.068251
0.286296
-0.064228
-0.157169
-0.073869
-0.029794
-0.064359
0.136856
-0.119263
-0.045120
-0.147397
0.442649
-0.056164
0.107852
-0.093646
-0.057937
0.017259
0.009545
0.264365
-0.343506
-0.058008
0.011535
0.158607
-0.170730
0.149594
-0.281329
0.114784
-0.176529
0.138141
-0.278645
0.229108
-0.230794
-0.009087
-0.053194
0.206271
-0.299042
-0.045720
0.055879
-0.382139
-0.134364
-0.089572
0.165630
-0.121414
-0.220615
0.098732
-0.182162
-0.021778
-0.001229
-0.298712
0.107716
0.052667
-0.149194
0.027405
-0.143487
0.248189
-0.306322
-0.108573
0.207182
-0.150642
0.047263
0.132007
0.335397
0.148671
-0.031169
0.276275
0.023043
-0.179580
-0.025627
-0.085672
0.264712
-0.144747
-0.344025
-0.090548
-0.061781
0.006392
0.076028
-0.236967
0.093707
0.424522
0.180460
-0.026501
0.145989
0.109700
-0.050148
-0.095223
-0.080245
0.336792
-0.017712
-0.035551
-0.066435
-0.320063
0.006994
-0.060597
-0.200867
0.045264
0.121574
-0.224310
-0.181159
0.360658
-0.174632
-0.092728
0.298030
0.015615
-0.287557
0.329234
-0.131130
-0.468519
-0.038958
0.074901
0.117940
-0.132064
-0.058958
-0.241989
0.364752
0.027640
-0.181754
-0.023067
0.281752
-0.091137
-0.089973
-0.002630
0.023013
0.035122
0.337352
0.120933
0.153872
-0.001820
0.170990
0.220737
0.045537
-0.362975
-0.372716
-0.097909
0.179042
-0.031858
-0.109247
0.155345
0.139647
-0.163229
0.361045
-0.122555
0.307024
-0.049727
0.016284
-0.175214
-0.330333
-0.007062
0.031485
-0.197442
-0.298426
-0.030281
0.182333
0.224202
-0.104888
-0.000550
0.018792
-0.114357
0.438503
0.072282
-0.049431
-0.026993
0.035416
-0.112525
-0.033214
0.139768
-0.188109
-0.170870
0.162334
0.128010
0.067574
0.070564
-0.159092
-0.151169
-0.278769
-0.144323
0.124276
-0.026919
0.329850
0.099839
0.011002
0.167474
-0.215591
0.043446
0.152370
0.055046
0.007799
0.205067
0.063870
-0.057855
0.168886
0.082450
-0.179932
-0.194974
-0.011337
0.116119
0.071156
0.510023
0.224309
0.161139
0.129653
0.035589
0.304845
0.123141
0.372007
-0.146864
-0.301032
-0.089452
0.091384
0.287549
0.300072
0.272715
0.081576
0.263208
-0.132909
0.142931
-0.100670
-0.173862
-0.103866
0.014658
-0.042896
0.250383
-0.097186
-0.071891
0.032568
-0.363838
0.160651
0.012172
0.339380
0.272723
0.055133
-0.062572
-0.119331
-0.106814
0.145912
-0.250052
-0.779396
-0.211738
0.038333
0.024334
0.166392
-0.113515
-0.138073
-0.287221
-0.092890
0.409138
0.057275
-0.022786
0.049024
0.119228
0.038569
0.303308
0.148857
0.035807
0.081600
0.017249
0.100752
0.125227
0.135035
0.191266
-0.401381
-0.086897
0.152936
0.154861
-0.036330
-0.202493
-0.000742
-0.420624
0.167586
0.011714
-0.123566
0.020096
0.280066
0.141960
0.066965
-0.030284
0.120138
-0.353814
-0.031012
-0.110426
0.268162
0.058049
-0.072458
-0.252092
0.007801
0.096729
0.664219
0.113821
0.064162
0.170925
-0.055677
-0.130235
0.072009
0.089110
0.080569
0.100546
0.440315
0.007375
-0.036708
-0.143981
-0.089081
-0.106649
-0.178487
-0.058987
-0.172027
0.094420
-0.126369
-0.034901
-0.032876
0.017305
-0.018457
-0.232256
-0.175145
-0.113840
-0.104256
0.215973
0.017401
-0.012103
0.142681
-0.240044
-0.197276
0.189299
0.281237
-0.068577
-0.007401
0.193293
0.016053
0.296417
-0.041033
0.355222
-0.500774
0.112571
0.190914
-0.378316
0.438081
-0.143818
-0.308582
-0.173622
0.573319
-0.124632
-0.178823
0.196654
-0.256959
-0.095797
-0.156559
-0.320291
-0.045307
0.034765
-0.072653
0.264600
-0.020653
-0.169869
-0.318201
0.190771
0.031356
-0.172504
-0.074614
0.014013
0.117785
0.062209
0.031725
0.101482
0.042244
-0.143629
0.340732
-0.299847
0.158108
-0.217127
0.017090
-0.229259
0.058488
0.229723
0.263374
0.098191
-0.097025
0.018351
0.110399
-0.171370
0.055016
-0.124624
0.255243
-0.303284
-0.009598
0.119208
0.300465
0.017810
-0.284034
0.132648
-0.062123
-0.024256
0.042071
0.028687
-0.230343
0.101930
-0.030027
0.190744
0.033540
0.062456
0.005378
-0.075234
-0.217198
0.119128
0.235894
-0.401682
-0.089359
0.020377
-0.172979
-0.139565
-0.034310
0.235550
-0.004953
0.088015
-0.186832
-0.499378
-0.033489
0.352845
0.007826
0.033236
-0.028340
0.056046
0.019330
-0.330131
0.295426
0.416531
0.182028
-0.097790
-0.088913
-0.121108
0.027948
-0.115118
0.006650
0.212042
-0.229735
-0.085306
-0.011582
0.125504
0.478184
-0.138265
-0.031210
0.119199
-0.577316
-0.174605
0.254728
-0.320644
-0.092430
0.349877
-0.058715
-0.266460
-0.041385
-0.034695
-0.090281
-0.004527
-0.307460
0.082734
-0.249750
-0.023697
0.548957
-0.024240
0.094890
-0.324962
0.002947
-0.128867
-0.134807
-0.262375
0.066828
-0.235079
-0.228264
-0.176882
0.246988
0.269508
0.096012
-0.006847
0.192152
0.226465
0.094919
0.244929
0.251917
0.155986
-0.096902
0.142294
0.145022
0.588106
0.197885
-0.131136
-0.222739
-0.029490
0.127927
0.518263
0.526221
0.314601
0.361547
-0.361238
-0.157333
-0.028475
0.044431
0.294445
0.363707
0.095768
-0.210298
-0.351602
-0.226588
0.095986
0.264319
-0.106945
-0.286234
-0.398714
-0.347607
0.240484
-0.146286
-0.112786
-0.126803
0.213243
0.146993
-0.115842
0.169724
-0.060475
-0.014606
0.235523
-0.109024
0.216419
-0.083217
0.101389
-0.497150
-0.442829
-0.492535
-0.043415
0.083224
-0.001229
0.202133
0.101695
0.197424
-0.041129
0.406718
-0.360984
-0.058076
-0.363832
-0.332668
-0.181478
-0.171268
0.126858
0.293769
-0.124265
0.038651
0.198231
-0.112146
-0.000511
0.048971
-0.010629
0.005936
-0.186215
0.127744
0.034277
-0.198354
-0.201142
-0.141052
-0.148423
-0.037590
0.359134
0.221026
0.304678
0.053057
-0.574536
0.167021
-0.098465
-0.004808
0.244378
-0.110958
-0.104517
-0.048410
0.022328
0.001292
0.098146
0.125499
-0.130480
0.297123
-0.222188
0.112363
0.020284
-0.009349
0.046871
0.043322
-0.149794
0.023916
-0.304557
-0.357410
0.158074
0.050177
-0.022852
0.259048
-0.199610
-0.107485
0.079172
-0.030108
0.502956
-0.047894
-0.040772
0.086519
-0.323741
0.172736
0.160190
-0.027389
-0.052129
-0.431672
-0.134690
0.025228
-0.305582
0.301948
0.348227
-0.129275
0.279929
0.066915
0.216753
0.351107
0.020191
0.137255
-0.094849
0.104083
0.122292
-0.231929
-0.126953
-0.127405
0.182809
0.201795
0.001235
0.349804
0.391084
-0.059290
-0.003733
-0.196736
0.031599
-0.139633
-0.000263
-0.112268
0.006390
0.018328
-0.160309
0.176761
-0.335326
-0.333397
0.346482
-0.169135
0.093794
-0.030998
-0.047021
-0.200754
-0.187836
0.247677
-0.022417
-0.134674
-0.279628
-0.252368
0.135662
-0.058925
-0.693473
0.250335
-0.095417
0.080720
0.153752
0.240000
0.118046
0.403396
0.348519
-0.017429
0.030646
-0.155722
-0.480904
-0.297562
0.323316
0.028949
0.455977
0.055137
0.118257
0.098204
-0.046921
0.114524
-0.007153
-0.092387
-0.413842
-0.224955
-0.075951
-0.059992
-0.005629
-0.048481
-0.346415
0.115342
0.026461
0.083623
0.010926
0.218487
-0.317619
-0.261102
-0.194908
-0.287426
-0.258414
0.028306
-0.014255
0.066659
-0.132467
0.126925
-0.588434
0.272522
-0.010344
-0.232648
-0.149922
-0.027285
-0.186331
-0.016047
0.175282
-0.113178
0.238790
0.484508
-0.175094
0.075485
0.133036
0.018663
0.039989
0.266503
-0.037719
-0.038769
-0.120526
-0.192306
-0.159566
-0.010592
0.158684
0.035337
-0.125929
-0.063011
0.205806
0.123885
0.354271
0.207249
0.273535
0.159584
-0.207800
-0.134426
-0.223200
0.000882
-0.143448
-0.140407
0.158909
-0.207115
-0.217638
0.050948
-0.006614
0.032695
-0.491978
0.181315
-0.409371
0.569958
-0.096753
0.041266
-0.134365
-0.180028
-0.151171
0.251267
0.184492
0.094290
-0.134904
0.097275
0.080888
0.133173
-0.090807
-0.296040
-0.358194
0.203922
0.283774
0.058063
-0.070185
0.132598
0.132289
0.212080
-0.252262
0.112778
0.161043
-0.098995
-0.284564
0.068467
0.349837
0.069581
-0.130755
0.508285
-0.189335
-0.045978
-0.141436
0.361779
-0.008553
0.146230
0.139699
0.058328
-0.168038
-0.185605
-0.125418
-0.295457
0.005202
0.302832
-0.139272
0.062270
0.025365
0.216710
0.049827
0.112337
-0.397836
-0.030770
0.201303
-0.128818
-0.099757
-0.000310
0.244646
0.026382
-0.126368
-0.257765
-0.030291
-0.057236
-0.101979
0.152007
-0.089658
0.000220
-0.014716
-0.009825
0.432593
-0.238985
-0.006778
0.501318
0.252885
0.149346
-0.407746
-0.209376
0.396565
-0.102883
0.185414
0.025367
-0.312594
-0.102616
0.018987
-0.169206
0.204368
-0.123318
0.045220
-0.095297
-0.066913
-0.094193
-0.108935
0.219265
0.038996
0.061259
0.190088
0.368242
-0.127078
-0.106656
-0.193217
-0.088748
-0.085115
0.127411
0.008843
-0.059364
-0.209822
-0.187339
0.245266
-0.213550
-0.109907
0.038691
-0.177529
-0.005859
0.054254
-0.045918
0.024171
-0.106339
0.248089
-0.248100
0.566239
0.069208
0.089860
-0.154519
0.265252
-0.142430
0.452278
0.124328
-0.015032
0.317255
0.220827
-0.290713
-0.168317
0.027566
-0.102683
0.138757
0.255699
0.056833
-0.406833
-0.230677
0.300683
-0.105554
-0.129577
-0.303575
0.363531
0.008239
0.204717
-0.182190
-0.172912
-0.155162
0.257681
-0.044925
-0.045626
0.285418
0.240275
-0.019042
0.328050
0.309792
-0.066533
-0.046509
0.185454
-0.099920
-0.119120
0.318298
0.410562
0.127184
-0.170980
0.095505
-0.010656
-0.029348
-0.001244
0.285872
-0.042281
-0.185676
-0.134173
-0.044300
0.028493
0.454696
0.163118
0.247756
0.526158
-0.055265
0.013108
-0.138220
0.106687
-0.002038
0.050976
0.286114
-0.280282
0.034012
0.376665
0.200242
-0.494359
-0.144787
0.018814
-0.050390
-0.442041
-0.151310
0.039864
-0.016134
-0.228153
0.010023
0.076433
-0.151917
-0.090954
-0.099325
0.113772
-0.055028
-0.128274
0.273001
-0.323634
-0.166937
-0.029333
0.155297
0.119484
-0.186233
-0.186169
0.004548
0.292972
-0.182155
0.148666
0.401707
0.179128
-0.042674
0.300634
-0.208676
-0.273942
-0.050450
0.306159
0.328013
0.281766
-0.211388
0.236952
-0.310834
0.122920
0.285736
0.283790
-0.358426
0.182468
-0.167624
-0.417155
-0.244864
-0.543420
-0.079561
-0.144107
-0.048944
0.103582
-0.192890
0.011283
0.197491
0.102698
0.085290
-0.219383
-0.288043
0.151422
0.064926
0.315034
0.142822
0.138586
0.001511
-0.347607
-0.181658
0.232377
0.224391
0.002988
-0.184284
-0.242299
0.004859
-0.251059
0.007859
0.426842
-0.281302
0.006033
0.327542
-0.052118
0.091782
0.243743
0.153308
-0.065275
0.055131
0.024339
0.145220
0.414560
-0.075683
0.036067
0.341164
-0.003870
-0.433374
-0.021423
-0.173304
0.020272
0.116401
-0.205890
-0.331723
0.089208
0.195822
-0.128885
0.003204
-0.026509
0.110994
0.097934
0.278197
-0.161472
-0.163034
0.223431
-0.137002
0.255307
-0.167701
-0.136371
0.125248
0.334309
-0.398220
-0.310800
-0.087455
0.011421
0.171734
0.134702
-0.237295
-0.459924
-0.026703
-0.135335
0.262428
-0.075391
0.099912
0.052237
0.139717
-0.250716
-0.096661
0.095720
0.370626
-0.007512
-0.338178
0.136196
-0.344583
0.288010
-0.336784
0.354163
0.043743
-0.166511
-0.220192
0.426047
-0.241153
-0.089521
0.370492
-0.261939
0.626416
0.375704
-0.162531
0.254345
0.127391
-0.314828
-0.399807
-0.158900
0.176890
0.303651
0.243880
0.117038
-0.020988
-0.129175
0.149641
-0.157212
0.164148
-0.153196
0.315662
-0.329888
-0.102684
0.295844
0.228080
0.160213
0.211800
-0.179440
0.010663
-0.137796
-0.092805
0.213234
-0.296171
0.238531
-0.245690
-0.265870
0.369633
0.021208
-0.144333
0.526074
-0.122079
-0.447878
-0.342255
-0.589641
0.710688
-0.067905
-0.464588
0.220834
-0.193150
0.035527
0.000162
-0.288548
-0.212051
0.133648
0.050280
-0.249690
0.317230
-0.201223
0.174404
0.205392
0.042940
-0.166333
-0.101400
-0.057518
0.047788
0.102990
0.142649
-0.033163
-0.171649
0.174161
-0.000880
0.152779
-0.109507
0.054616
-0.003511
-0.135987
-0.478572
0.163670
0.132228
0.232165
-0.518877
0.351347
0.157214
0.214034
0.052250
-0.079101
-0.003835
0.163474
-0.192987
-0.154712
-0.108332
-0.362677
0.090938
0.285457
0.029508
-0.204070
-0.047512
-0.178747
-0.097820
0.221513
0.433176
-0.285035
-0.066885
-0.531793
-0.077035
-0.159154
-0.545556
-0.053428
0.216951
0.133602
0.375851
-0.104006
-0.292463
-0.186747
0.075467
0.062399
0.084865
0.383990
0.076160
-0.042696
0.509079
-0.021062
-0.091554
0.062430
-0.052018
0.493601
-0.016975
0.550439
-0.038075
0.120904
-0.060404
-0.165573
-0.092534
0.018100
0.037184
0.019483
-0.126672
0.551148
0.136195
0.412826
0.025176
0.151866
0.536499
-0.121224
-0.190370
-0.447032
0.128995
-0.195871
-0.293951
0.145288
-0.165328
0.018833
0.079340
-0.125069
0.275187
-0.232209
0.486419
-0.040952
-0.040961
0.151137
-0.132380
-0.037233
-0.214246
0.117018
-0.080304
-0.042397
0.233771
0.016565
0.103416
-0.114805
0.083144
0.249867
-0.161236
-0.384890
-0.255338
-0.175207
0.132109
0.433788
0.135281
-0.161150
-0.024565
-0.127202
-0.210715
-0.091801
0.330118
0.084916
0.032832
0.003489
-0.053268
-0.037180
0.045385
-0.469053
0.333280
-0.436024
0.175592
-0.153588
-0.193456
-0.046581
-0.046728
-0.049833
-0.494036
-0.039464
0.279890
-0.386387
-0.243949
0.101027
0.203806
-0.149239
0.396793
-0.219981
0.406623
-0.180855
0.311570
-0.088096
-0.102086
-0.364270
0.234801
-0.469944
-0.149990
-0.409928
-0.240635
0.035519
-0.006363
-0.002110
-0.107176
0.276228
-0.408691
0.028203
0.182348
-0.033075
-0.067476
-0.354894
0.035572
0.151843
-0.142662
-0.126812
0.429938
-0.036704
0.114230
0.327230
-0.551804
0.076810
-0.420478
0.074957
-0.457080
0.032086
0.170472
-0.321370
0.400948
-0.017042
0.111161
0.127966
-0.278376
-0.183863
0.474821
-0.196827
-0.149729
0.168212
0.229252
-0.334325
0.187667
-0.009054
-0.039714
-0.267362
-0.115062
0.402368
-0.232103
0.018903
-0.271066
-0.148343
-0.273895
0.070659
0.115435
-0.060104
-0.166979
-0.259261
-0.062800
-0.038353
-0.288862
0.192094
0.110352
0.252613
0.273594
-0.071604
0.506956
-0.076131
-0.181039
-0.089227
0.043566
0.293664
0.030986
-0.391891
-0.129665
0.266186
-0.129125
0.255458
-0.033094
0.310293
0.162622
-0.001155
0.261358
0.114939
-0.181846
-0.116337
0.155794
-0.094408
-0.066986
-0.142653
-0.029459
-0.267479
-0.009955
0.128636
-0.275376
0.083223
0.290460
-0.149451
-0.254378
0.139716
0.111080
0.043635
0.200889
0.066835
0.278691
0.041098
0.338775
0.118120
-0.113828
-0.177276
-0.409730
-0.481979
0.291209
0.173669
-0.316859
-0.236568
-0.321361
0.116336
0.122561
0.079253
0.318370
-0.044954
-0.313708
-0.041188
-0.054020
-0.166763
0.125856
0.044937
0.008383
-0.162898
0.312770
0.316804
-0.223846
0.213095
0.196889
0.179438
0.107611
0.008058
-0.077089
-0.078990
0.007216
-0.190943
-0.018642
-0.211577
-0.464831
-0.056824
0.430190
-0.309751
-0.222034
-0.097097
-0.194700
-0.057548
-0.062953
-0.200899
0.107119
0.229562
-0.011268
0.179490
-0.137180
0.246857
0.011517
-0.085904
0.187095
0.273115
0.096851
0.158474
-0.124413
0.322722
0.294651
-0.005950
-0.097433
-0.090622
-0.210318
-0.002370
0.053314
0.036913
-0.136759
-0.098898
-0.160949
-0.403713
-0.066548
-0.046158
-0.211260
-0.349839
0.462411
0.020902
0.189004
-0.424013
-0.171771
-0.075087
-0.225392
-0.011846
-0.073326
-0.225637
0.208927
0.080577
-0.161345
-0.443080
-0.164923
-0.296798
0.204005
0.097995
0.131845
0.160186
0.004083
0.115521
-0.175184
-0.264163
-0.054735
0.103609
-0.179970
-0.412419
0.029379
0.030884
-0.173418
-0.161549
0.243959
-0.114006
-0.186416
-0.091733
0.008602
-0.431763
-0.264637
-0.120087
0.064865
-0.138692
-0.077652
-0.209511
0.124446
0.229308
0.032509
-0.013360
0.188330
-0.258603
0.216247
-0.086001
0.123477
0.259803
0.112237
0.155576
0.237088
-0.191275
-0.299160
-0.201547
0.109114
0.046109
0.160429
-0.054594
-0.125794
-0.214057
-0.208063
-0.255289
0.140650
-0.190208
-0.120208
0.682038
-0.166562
0.219789
-0.309978
0.394352
-0.185598
-0.313285
0.078047
0.366245
0.111697
0.390879
-0.060988
-0.024248
0.289954
0.095735
0.081826
-0.008614
0.349772
-0.303066
0.200714
0.224104
-0.224667
-0.229711
0.140087
0.107833
0.027375
-0.083152
0.178531
0.148406
0.736924
-0.021299
0.107079
-0.178036
0.214804
-0.120733
-0.086496
-0.372699
-0.213269
-0.186276
-0.413038
0.154982
0.038388
-0.190688
0.271138
-0.198188
-0.088005
0.045658
-0.341297
-0.253184
0.110598
0.137743
0.165578
0.337675
-0.391506
0.120363
-0.142213
0.028376
-0.149566
0.041550
0.125017
-0.228068
0.111135
0.270197
-0.336826
-0.328110
-0.058363
-0.166494
0.313272
-0.325287
0.124222
0.422692
0.177692
0.043966
-0.128284
-0.102144
0.292627
0.140643
0.087433
0.079070
-0.091821
-0.235780
0.197692
0.302602
-0.005327
0.001504
-0.127663
-0.081269
0.233781
-0.032811
-0.435351
-0.045284
-0.347911
-0.052466
0.024740
-0.105359
0.136215
-0.333397
-0.291305
0.001561
0.219660
-0.098712
0.106890
0.228297
0.041909
-0.092646
-0.002984
-0.176015
0.289156
0.235853
0.184837
0.650217
-0.186683
0.192631
-0.457498
-0.044861
-0.244723
-0.323835
-0.022060
0.085635
-0.212410
-0.157624
-0.163590
0.010445
-0.013478
0.078581
0.034963
-0.035119
-0.059936
-0.191817
0.140371
-0.032227
0.094206
0.020123
-0.096170
-0.164534
0.258790
0.570687
0.298410
-0.045551
-0.316894
-0.153635
0.060116
0.155241
0.264616
-0.310337
0.137483
0.171648
0.061459
-0.431557
0.125120
0.085324
0.139545
-0.173781
0.103348
-0.271902
-0.160187
0.452281
-0.112958
0.271596
0.143092
0.201425
-0.652575
0.608183
-0.017703
0.189450
0.017561
0.089825
-0.276267
-0.197621
0.227728
0.188674
0.594144
-0.140259
0.255360
0.050286
0.490954
0.249556
0.134767
0.084325
0.215892
-0.320593
-0.118351
-0.527820
-0.201508
0.212089
-0.177246
-0.082426
-0.140318
-0.206368
-0.071084
0.021392
-0.089348
0.388602
-0.140470
-0.234163
0.228550
-0.192261
-0.199192
-0.015766
-0.456607
-0.064400
0.225225
0.361346
-0.317284
-0.032744
0.255609
-0.241407
-0.168650
0.189281
-0.001778
0.184285
0.662996
-0.293886
0.009220
0.267386
0.215448
0.099604
-0.523256
0.091417
0.031474
0.435255
-0.350897
-0.062205
-0.101385
0.356392
0.254650
-0.245062
-0.246555
-0.177293
-0.112267
0.263967
-0.018740
0.504304
0.205610
-0.184003
0.229624
-0.255574
0.165763
-0.208463
0.254942
0.141102
-0.057139
0.135944
-0.083727
-0.225092
-0.206449
-0.032932
0.007139
0.411030
-0.378718
0.036823
-0.070210
0.071242
-0.075268
0.188922
-0.514207
0.043534
0.233458
0.136077
-0.151194
-0.346792
0.247337
0.193136
0.272267
0.420994
-0.007894
0.527025
0.024318
-0.267060
-0.173961
-0.254513
-0.235491
0.183777
-0.264625
0.049058
0.006215
0.205568
-0.035715
-0.241144
0.527739
-0.406727
-0.047894
-0.502346
0.165168
-0.154770
-0.098420
0.105308
-0.051100
-0.081348
0.424778
-0.173580
-0.065117
0.418805
0.105948
-0.019815
-0.209400
-0.045148
0.089434
-0.117350
-0.031851
-0.280610
-0.121083
-0.035617
-0.063126
-0.001302
0.352365
-0.315669
0.159137
-0.379916
0.015479
-0.139878
0.182443
0.320786
0.059722
-0.331154
-0.196023
-0.142372
0.353795
-0.004121
0.067173
-0.207304
0.054058
-0.026782
0.249809
0.205138
-0.119557
0.061872
-0.325654
0.115821
-0.074840
0.220051
-0.369442
-0.214873
-0.226985
-0.153508
0.036457
0.314227
-0.471511
-0.100559
0.139723
-0.320234
0.564110
-0.301981
0.042773
-0.047367
0.209374
-0.159031
-0.036763
-0.059763
-0.235206
-0.299761
-0.228845
0.001275
0.047107
0.016560
0.166907
0.182090
-0.091416
0.041717
0.227499
0.408636
0.092118
-0.038598
0.115719
-0.266086
-0.024403
-0.148648
-0.364860
0.112438
-0.054858
-0.008944
-0.167377
0.056590
0.090779
-0.132531
0.046936
0.368140
0.010915
0.024996
-0.270618
0.262960
0.232116
-0.088094
-0.472383
-0.002743
0.513376
-0.212076
-0.066608
0.498276
-0.213025
0.033563
0.018967
-0.011419
-0.002400
-0.200730
0.193367
0.317918
-0.314249
0.273318
-0.182245
0.212539
0.386022
0.015812
0.133543
0.093767
-0.038749
-0.552116
0.124958
-0.042226
0.413398
0.360765
0.055897
0.116653
0.019168
-0.023166
0.263236
-0.307514
-0.147847
0.205472
0.175092
-0.016467
0.077866
-0.092662
-0.042616
0.102269
0.052637
-0.404135
0.077374
-0.130702
0.110970
-0.141526
-0.041081
-0.005917
-0.168005
0.234231
0.028425
-0.355181
0.024877
-0.045726
0.363280
0.264928
0.280015
0.090182
-0.267003
0.338117
0.110354
0.099735
-0.314390
0.066637
0.020699
-0.319606
0.302175
-0.292815
-0.010977
0.677836
0.115431
-0.187109
-0.127436
0.143983
-0.163804
-0.116755
-0.033546
0.214618
-0.282568
-0.087314
-0.159698
0.479056
0.173764
-0.016601
-0.262434
-0.259528
-0.349568
0.137668
0.511558
-0.056506
0.216441
0.228740
-0.054586
-0.132589
-0.206645
0.111230
0.194384
0.173869
-0.170363
0.084620
-0.134542
0.033758
-0.247115
-0.295936
0.267085
0.220778
-0.387302
-0.011013
-0.113910
0.240365
0.324999
0.156436
-0.091726
-0.108593
-0.130178
-0.045020
-0.241507
-0.076928
0.296378
0.432639
-0.355093
0.090409
-0.005968
-0.026345
0.301453
0.151028
-0.161485
0.098864
0.301302
-0.334299
0.281166
0.389284
0.098133
0.160382
-0.026781
-0.114545
0.171752
-0.573917
0.171546
0.216078
0.275528
0.199156
0.034425
0.111444
0.139506
-0.180763
-0.028736
0.337156
-0.346946
-0.392744
-0.409432
0.032565
-0.339964
-0.098346
0.070556
0.247706
-0.075351
0.150954
0.224025
0.128792
0.008245
-0.285446
0.378279
0.244909
0.261981
-0.363234
0.030079
-0.337858
-0.159008
0.065932
-0.141096
-0.025176
-0.214191
0.307445
-0.255888
0.072537
0.349861
0.079165
0.149393
-0.002763
-0.333471
-0.116710
-0.062691
0.022786
-0.432800
0.182413
-0.376749
-0.135682
-0.331389
-0.250644
0.189932
-0.100332
0.223302
-0.260662
-0.136784
-0.278670
-0.231728
0.018510
-0.152038
0.470270
0.429995
-0.537106
0.104810
0.141039
0.088216
0.050342
0.454518
-0.404573
0.004208
0.117803
0.314850
-0.484025
-0.128289
-0.202937
-0.101973
0.317774
0.098450
-0.249835
-0.032510
-0.029414
-0.257036
-0.139062
0.192541
-0.259120
0.042337
0.624617
-0.371326
0.162574
-0.289333
-0.117866
-0.274267
-0.041916
-0.451501
0.439311
-0.466572
-0.020775
0.220262
-0.048679
0.302712
0.404588
-0.129457
-0.117465
0.056630
-0.057560
0.251267
-0.150808
0.005007
0.312616
-0.445944
-0.244584
-0.189095
-0.096260
-0.623585
-0.003602
-0.225290
-0.327679
-0.096991
-0.142537
-0.029501
-0.303539
-0.432849
-0.320453
-0.036070
-0.282636
0.368467
-0.007855
0.396070
0.210045
-0.513974
-0.158550
-0.269593
-0.081175
0.107219
-0.197267
-0.072160
0.016870
-0.231350
-0.142931
0.311194
0.218316
-0.615369
0.579844
0.059835
0.146662
0.462709
0.643436
-0.076876
0.288402
-0.001320
-0.017730
-0.407493
-0.522001
0.565257
-0.337450
-0.113371
0.408418
0.244729
0.236231
-0.291199
-0.086454
0.257361
-0.045393
0.237559
0.078124
-0.023331
0.204690
0.013193
-0.100927
-0.058219
-0.195467
0.146183
-0.288371
-0.388223
-0.101407
0.066076
0.096923
-0.144619
0.090929
-0.329516
-0.016084
0.349374
-0.242520
0.033064
-0.184346
-0.133325
0.171775
-0.098757
-0.033936
0.439445
-0.235821
-0.057937
-0.347483
0.498453
0.130689
-0.005197
0.083019
-0.180415
-0.110846
-0.181347
-0.065771
0.380597
-0.134166
0.377521
-0.162175
0.343960
0.125951
0.280649
0.126573
-0.112308
0.431046
-0.097920
0.456141
0.646613
0.641708
0.080617
-0.176713
0.256468
-0.318277
-0.046366
0.111532
0.423058
0.495854
0.028382
0.258241
0.147993
0.269514
-0.151558
-0.142540
-0.209238
-0.334706
-0.066479
0.363423
-0.098572
-0.176273
-0.075614
0.091871
0.057934
-0.388948
0.313779
-0.305723
-0.390325
0.252629
-0.077636
0.555087
-0.160059
0.066879
-0.028246
0.134010
-0.005839
-0.000689
0.140623
-0.151386
0.218769
0.086674
-0.343774
-0.298872
-0.208633
-0.143858
0.220181
0.350073
-0.174831
0.194646
-0.033696
-0.084723
0.012346
0.435060
-0.106016
-0.059930
-0.158571
-0.035871
0.195213
-0.305285
0.025259
-0.195178
-0.087656
0.225844
-0.344917
-0.236783
0.236522
0.325836
-0.337221
0.099411
-0.342861
0.104470
0.164910
0.223065
0.074403
0.015450
-0.194576
-0.092835
0.432105
0.243932
-0.242885
-0.133948
-0.025788
-0.179307
-0.018578
-0.245860
0.308934
-0.278078
-0.400309
0.079328
-0.267380
-0.475716
-0.457600
-0.317733
-0.382656
0.082014
0.183601
-0.329631
0.285853
-0.035211
-0.059799
-0.640522
0.236488
0.059422
-0.641724
-0.540894
-0.070906
-0.035914
0.060740
-0.027394
-0.226352
0.231313
-0.035657
0.064360
-0.030439
0.187848
0.007032
-0.164523
0.014307
0.281027
-0.464547
0.241325
-0.011925
-0.421599
-0.280501
-0.070605
0.274606
-0.004227
0.359412
-0.253104
-0.126876
-0.073862
-0.301532
-0.415486
0.064416
0.233315
0.247371
0.108454
0.243371
0.122942
-0.050325
-0.412095
-0.012008
0.112341
-0.050096
0.347317
-0.458206
-0.445514
0.156677
0.192564
0.043122
-0.451528
0.157366
-0.079309
-0.000880
-0.066921
-0.168041
-0.153792
-0.324613
0.703057
-0.159951
-0.080711
-0.028875
0.177660
0.048361
-0.007239
-0.342891
-0.030314
-0.125333
0.023259
-0.281699
0.171319
-0.454430
-0.350886
0.102074
-0.144437
0.229438
-0.131756
-0.125858
0.480209
0.127465
-0.178852
-0.134118
0.080666
-0.065840
-0.087524
0.074281
0.173087
0.121003
0.246753
0.170948
-0.318525
-0.019390
0.143635
-0.109084
0.080172
-0.053206
-0.065024
0.178566
0.269795
-0.236453
-0.503771
-0.118798
0.070597
0.165835
0.213520
0.001199
0.040877
-0.144728
-0.168525
-0.647469
0.406959
-0.117698
0.028469
-0.112287
-0.014168
-0.009323
-0.180686
-0.361262
-0.047452
0.288442
-0.248366
-0.271684
-0.031068
0.303928
-0.036417
-0.156449
-0.033813
0.087506
-0.145316
0.077186
-0.426522
0.073562
0.260043
-0.195566
0.131488
-0.120414
-0.266462
0.348478
-0.613823
0.065688
0.219366
-0.328736
-0.488786
-0.293218
-0.091105
0.339983
0.076880
0.394700
-0.492685
0.401573
-0.097984
-0.458008
0.219665
0.211591
-0.336494
0.334973
-0.076543
-0.681139
0.115265
-0.064286
0.271161
-0.167305
0.323052
0.052081
-0.163836
0.329218
-0.625536
0.199410
-0.292136
0.388571
0.256693
0.487021
-0.331564
0.289123
0.152381
-0.205212
-0.358981
0.037968
0.328856
-0.153770
-0.259156
0.138439
0.020827
-0.037811
0.324262
-0.186606
-0.696006
0.313299
-0.221338
0.250042
-0.049418
-0.104038
0.059389
-0.024869
0.145448
0.106067
0.112299
0.244954
-0.125633
0.220335
0.383383
-0.199276
0.470124
0.034726
0.393794
-0.243188
0.011952
0.041022
0.320347
0.047083
-0.276626
0.022732
-0.148542
-0.114286
-0.346175
-0.316530
-0.043919
-0.050165
0.023130
0.126034
-0.089339
0.139330
0.160559
0.062578
0.299898
0.419301
0.084940
0.369455
0.214377
-0.011838
0.031650
0.023671
0.053717
-0.020571
-0.040691
0.409735
0.054627
0.123206
-0.284068
0.030480
0.208058
-0.283943
-0.273300
0.128753
0.372965
0.017388
0.024690
-0.147033
-0.036017
-0.438133
0.144828
0.038012
-0.004217
-0.162786
-0.176448
-0.221574
0.049338
0.255513
-0.041061
0.054642
0.576463
0.141521
0.231162
0.189769
-0.042905
-0.197821
-0.096263
-0.297868
0.217779
0.293551
0.256046
-0.056482
0.079813
0.661893
0.281170
0.314572
0.130990
-0.394268
-0.092620
0.459942
0.285260
0.183047
0.085949
-0.281934
0.151798
-0.331380
0.245203
0.004298
0.637228
-0.151182
-0.088986
0.531276
-0.350287
0.256970
-0.088348
-0.046035
0.323249
-0.157789
0.242694
-0.031459
0.000313
0.631481
0.410051
0.232451
0.374203
-0.245519
-0.100049
-0.033486
-0.153350
0.289063
-0.499876
0.055651
0.023783
0.227158
0.242931
-0.330132
-0.396069
0.227465
-0.316992
-0.368579
-0.126174
0.034373
-0.185312
0.018564
-0.092538
-0.046855
0.211456
-0.393407
0.200141
0.174761
0.311246
-0.313173
0.325067
0.023367
-0.299078
-0.138477
0.224483
0.065560
-0.130236
0.380041
0.040433
0.245427
0.306618
0.178789
0.015223
-0.091192
-0.083087
0.589191
-0.388167
-0.288860
0.228642
0.233746
-0.102289
-0.280952
0.328985
-0.167670
0.081648
-0.036914
-0.045801
-0.189954
0.177169
0.082613
0.002559
0.183809
0.104889
0.169214
-0.250408
-0.106312
0.163681
0.504944
-0.293162
0.160602
-0.210161
0.216649
-0.389298
0.024309
0.119245
-0.307808
0.365902
-0.796054
-0.404083
0.034456
-0.086761
-0.075766
-0.348713
-0.410807
0.129194
0.308200
0.170909
0.107429
-0.134092
-0.381742
0.612056
0.193350
0.527079
0.127016
-0.310228
-0.059166
-0.237285
0.273137
0.023658
-0.011681
0.229667
0.362372
0.045682
0.221822
0.036734
-0.125861
0.084729
-0.026994
-0.051811
-0.284938
0.118478
0.148559
0.052364
-0.020641
0.076314
-0.276068
-0.164906
-0.456124
0.374414
0.485471
-0.010298
0.100398
-0.063097
0.108737
-0.049558
0.029981
0.541343
0.257387
0.030121
0.506699
-0.019007
0.143902
0.068311
0.151820
0.029162
-0.271444
0.155395
-0.085078
-0.097433
0.138519
0.163773
0.726558
-0.233540
0.350542
-0.035075
-0.041436
0.058464
-0.025677
0.116287
0.007423
-0.101002
-0.254764
0.243583
0.158972
0.059281
-0.572356
-0.059446
-0.432849
-0.233676
0.172375
-0.074411
-0.322663
0.125645
0.513000
0.211770
-0.164156
-0.127454
-0.035463
-0.010921
-0.156475
-0.277914
0.068897
0.261083
-0.335460
0.045814
0.132602
0.717074
-0.072846
0.130688
-0.003594
0.011727
-0.075702
-0.043497
0.335688
0.221496
-0.213070
-0.227973
0.034813
-0.155118
0.469984
0.756599
0.273986
0.219197
-0.126558
-0.141216
-0.015806
0.104430
-0.025009
0.010717
0.200106
0.359381
-0.317010
-0.147011
-0.023257
-0.066967
0.142223
0.175767
-0.081498
-0.044171
0.056828
-0.130476
-0.280789
0.012523
0.144693
-0.236085
-0.094880
-0.166097
0.058676
0.303420
-0.238026
-0.140327
-0.151391
-0.160740
0.395777
0.168125
0.062900
0.206281
0.329062
0.201301
0.018670
-0.016287
0.059595
0.144007
0.143404
-0.077905
-0.153873
0.531407
0.277800
0.122961
0.005522
-0.027214
0.553149
-0.259200
-0.074796
-0.002028
0.137570
0.217136
0.252724
0.438217
0.334372
0.123945
-0.047019
-0.220699
0.183319
-0.082645
0.005449
0.126379
0.314233
0.500725
-0.175165
-0.395003
-0.318764
-0.378409
-0.188508
-0.098748
0.474643
-0.537604
-0.040689
-0.223202
0.232219
0.008020
-0.067440
-0.372639
-0.087065
0.057257
-0.451715
0.241979
0.091849
0.285611
0.345323
0.237913
-0.115335
-0.142637
0.153710
-0.260296
0.231676
-0.060030
0.680730
0.398777
0.264455
0.283162
0.053743
-0.019947
-0.150895
-0.390655
0.019683
0.001531
-0.151371
0.017061
-0.025334
0.256205
-0.171916
0.022984
0.056553
0.307799
0.088526
-0.350724
0.243273
0.085706
-0.096486
-0.074618
0.145395
-0.162087
-0.014594
-0.291283
0.098074
0.110586
-0.229914
-0.453511
-0.136113
-0.017073
0.015619
-0.050525
0.223510
-0.359205
0.012795
-0.330987
0.119115
0.184289
-0.017701
-0.166638
-0.283104
-0.513248
-0.166801
-0.010357
-0.111555
-0.637948
0.315274
0.036573
0.431125
-0.115307
-0.042698
0.034813
0.095981
0.100432
0.009258
-0.048009
0.279836
0.603246
0.385570
0.231768
-0.057191
0.265145
-0.217510
-0.039158
-0.277478
-0.689041
0.295310
0.233123
-0.218255
0.282937
0.007613
-0.099882
0.005738
0.080765
0.244000
-0.178384
-0.048861
-0.480463
0.365710
0.774468
-0.347956
0.067667
-0.172102
0.261190
0.021895
-0.000344
-0.411235
-0.391342
0.290072
0.449003
0.273472
0.133193
-0.798356
-0.131416
-0.315727
0.475565
0.562651
0.077104
0.132875
0.054732
0.017859
0.214370
-0.058071
0.171473
0.229942
-0.195732
0.171655
-0.274597
0.240428
0.173501
0.272909
-0.090959
0.002185
-0.217697
-0.265973
0.022277
-0.629695
-0.124720
0.146057
-0.027918
