0.008117
0.035003
0.054050
0.099871
0.319609
0.177248
0.059435
0.383524
0.402694
0.280970
0.223240
0.640314
-1.415468
-1.649197
0.374873
-0.274077
-1.899196
-0.340011
-0.189160
-0.861161
-0.028142
1.418353
0.242790
0.143600
-0.942250
0.732000
2.230160
0.766052
-0.004936
0.961988
0.873577
-1.063734
-2.736292
1.795074
-0.633109
1.376435
-3.320280
0.152623
-1.736847
0.141688
-1.689707
0.256384
-0.705568
-0.658984
-1.996553
-1.060411
-0.613145
-0.575833
-1.474675
-1.582039
1.100960
2.517539
-0.054418
-0.833006
-2.807651
1.991234
-0.332271
0.563287
1.397315
-0.339701
0.210085
1.014426
0.765537
2.325562
-0.967498
-2.144749
-0.734542
-0.621531
0.641393
-0.240577
-0.986826
-0.053058
1.665842
-0.705624
0.019709
1.579195
-1.087048
2.300604
-3.315931
-1.297329
0.924775
1.097625
0.380998
1.153072
-0.873465
-0.792807
-1.588845
0.267119
-2.242926
2.042707
0.377471
-1.419103
0.093368
-2.086199
-0.547550
-1.801071
1.729367
-0.269301
2.709228
0.749677
-0.489659
-3.330538
0.601052
1.243787
-1.322863
1.657098
1.229142
0.740311
1.657910
-0.834824
0.255041
2.026383
4.141230
0.083749
-0.272348
-0.028796
-0.873100
1.446887
0.846520
-0.478371
0.847607
-0.066359
-0.246174
-0.289785
-2.066414
0.807009
0.911998
0.315767
0.416547
0.793943
-0.633125
-2.057564
1.492591
0.771524
-1.579701
0.833804
0.406380
1.159919
-3.121215
-0.794151
-1.041803
1.241462
-1.216314
0.498950
0.015101
0.124250
1.753465
2.379315
0.466500
1.583661
1.014783
-0.663328
-1.046606
0.777493
1.851047
0.253121
-1.374809
0.690587
0.621465
2.155203
0.756186
0.782584
0.395969
1.159698
0.622513
-0.977396
-1.510335
1.209703
-0.176810
0.801178
-0.539842
-1.551175
-1.032249
-1.606794
-3.050148
-2.191131
-0.396391
0.125115
-0.321867
0.868428
1.475148
0.200503
-0.275416
1.262031
-0.466374
2.919268
1.827546
0.959424
0.202003
0.865084
0.870905
2.875347
1.554719
-1.169549
-1.531563
-0.567246
1.079057
-0.809287
0.512462
-0.590927
-0.398644
-1.299699
2.000363
-1.113166
-1.144700
1.182991
-1.684211
-2.034609
0.546222
-1.154176
0.420489
-0.240374
3.259304
0.459189
0.172177
-1.319259
-0.645731
0.607088
1.310210
2.119431
-0.205552
-2.208333
0.585780
-1.418287
1.041825
0.912040
-0.092090
1.989309
-1.024151
-0.139823
-1.250133
1.868965
-0.907902
-2.518392
-1.039385
-0.383763
-1.059956
-0.598192
0.275328
-1.043284
0.040796
-1.098365
-1.380752
-2.634578
0.315531
0.340687
1.046937
-0.496671
2.764749
1.493083
-1.010446
-0.542240
-0.828020
-1.480778
-1.510655
1.013111
-2.752107
-0.015647
2.466591
0.315426
1.368557
2.763245
0.618550
0.424581
-1.624188
-0.379405
0.238821
-3.242007
0.642796
-0.566735
-1.288107
-0.390839
-0.020356
-1.016157
-2.320404
-2.790097
1.666022
1.599663
-2.515810
-0.270333
1.014792
0.812222
-0.071907
-1.178037
-0.641177
0.877770
0.488437
0.655551
1.680320
0.964029
0.307319
0.798552
-0.238131
1.526412
2.235353
0.660306
-0.482876
1.197840
-0.656473
-0.934611
